<?xml version="1.0" encoding="UTF-8"?>
<!-- Generated by org.testng.reporters.JUnitXMLReporter -->
<testsuite hostname="DESKTOP-DCOTBCV" name="AccidentReport" tests="3" failures="0" timestamp="8 Jul 2021 08:14:56 GMT" time="0.005" errors="0">
  <testcase name="@BeforeClass start" time="0.0" classname="com.test.TestCase.AccidentReport.TC_AccidentReport">
    <failure type="java.lang.NoClassDefFoundError" message="org/openqa/selenium/WebDriver">
      <![CDATA[java.lang.NoClassDefFoundError: org/openqa/selenium/WebDriver
	at com.test.TestCase.LoginLogout.BaseTestCase.init(BaseTestCase.java:14)
	at com.test.TestCase.AccidentReport.TC_AccidentReport.start(TC_AccidentReport.java:19)
Caused by: java.lang.ClassNotFoundException: org.openqa.selenium.WebDriver
	at java.net.URLClassLoader.findClass(Unknown Source)
	at java.lang.ClassLoader.loadClass(Unknown Source)
	at sun.misc.Launcher$AppClassLoader.loadClass(Unknown Source)
	at java.lang.ClassLoader.loadClass(Unknown Source)
	... 26 more
... Removed 24 stack frames]]>
    </failure>
  </testcase> <!-- @BeforeClass start -->
  <testcase name="@AfterClass end" time="0.0" classname="com.test.TestCase.AccidentReport.TC_AccidentReport">
    <skipped/>
  </testcase> <!-- @AfterClass end -->
  <testcase name="@BeforeClass start" time="0.0" classname="com.test.TestCase.AccidentReport.TC_AccidentStatsReport">
    <failure type="java.lang.NoClassDefFoundError" message="org/openqa/selenium/WebDriver">
      <![CDATA[java.lang.NoClassDefFoundError: org/openqa/selenium/WebDriver
	at com.test.TestCase.LoginLogout.BaseTestCase.init(BaseTestCase.java:14)
	at com.test.TestCase.AccidentReport.TC_AccidentStatsReport.start(TC_AccidentStatsReport.java:19)
Caused by: java.lang.ClassNotFoundException: org.openqa.selenium.WebDriver
	at java.net.URLClassLoader.findClass(Unknown Source)
	at java.lang.ClassLoader.loadClass(Unknown Source)
	at sun.misc.Launcher$AppClassLoader.loadClass(Unknown Source)
	at java.lang.ClassLoader.loadClass(Unknown Source)
	... 26 more
... Removed 24 stack frames]]>
    </failure>
  </testcase> <!-- @BeforeClass start -->
  <testcase name="@AfterClass end" time="0.0" classname="com.test.TestCase.AccidentReport.TC_AccidentStatsReport">
    <skipped/>
  </testcase> <!-- @AfterClass end -->
  <testcase name="@BeforeClass start" time="0.0" classname="com.test.TestCase.AccidentReport.TC_RecycleBin">
    <failure type="java.lang.NoClassDefFoundError" message="org/openqa/selenium/WebDriver">
      <![CDATA[java.lang.NoClassDefFoundError: org/openqa/selenium/WebDriver
	at com.test.TestCase.LoginLogout.BaseTestCase.init(BaseTestCase.java:14)
	at com.test.TestCase.AccidentReport.TC_RecycleBin.start(TC_RecycleBin.java:19)
Caused by: java.lang.ClassNotFoundException: org.openqa.selenium.WebDriver
	at java.net.URLClassLoader.findClass(Unknown Source)
	at java.lang.ClassLoader.loadClass(Unknown Source)
	at sun.misc.Launcher$AppClassLoader.loadClass(Unknown Source)
	at java.lang.ClassLoader.loadClass(Unknown Source)
	... 26 more
... Removed 24 stack frames]]>
    </failure>
  </testcase> <!-- @BeforeClass start -->
  <testcase name="@AfterClass end" time="0.0" classname="com.test.TestCase.AccidentReport.TC_RecycleBin">
    <skipped/>
  </testcase> <!-- @AfterClass end -->
  <testcase name="accidentReport" time="0.001" classname="com.test.TestCase.AccidentReport.TC_AccidentReport">
    <skipped/>
  </testcase> <!-- accidentReport -->
  <testcase name="accidentStatisReport" time="0.0" classname="com.test.TestCase.AccidentReport.TC_AccidentStatsReport">
    <skipped/>
  </testcase> <!-- accidentStatisReport -->
  <testcase name="recycleBin" time="0.001" classname="com.test.TestCase.AccidentReport.TC_RecycleBin">
    <skipped/>
  </testcase> <!-- recycleBin -->
</testsuite> <!-- AccidentReport -->
