<?xml version="1.0" encoding="UTF-8"?>
<!-- Generated by org.testng.reporters.JUnitXMLReporter -->
<testsuite hostname="DESKTOP-DCOTBCV" name="BonusMgmt" tests="1" failures="0" timestamp="8 Jul 2021 08:14:56 GMT" time="0.002" errors="0">
  <testcase name="@BeforeClass start" time="0.0" classname="com.test.TestCase.BonusMgmt.TC_ProjectPanorama">
    <failure type="java.lang.NoClassDefFoundError" message="org/openqa/selenium/WebDriver">
      <![CDATA[java.lang.NoClassDefFoundError: org/openqa/selenium/WebDriver
	at com.test.TestCase.LoginLogout.BaseTestCase.init(BaseTestCase.java:14)
	at com.test.TestCase.BonusMgmt.TC_ProjectPanorama.start(TC_ProjectPanorama.java:20)
Caused by: java.lang.ClassNotFoundException: org.openqa.selenium.WebDriver
	at java.net.URLClassLoader.findClass(Unknown Source)
	at java.lang.ClassLoader.loadClass(Unknown Source)
	at sun.misc.Launcher$AppClassLoader.loadClass(Unknown Source)
	at java.lang.ClassLoader.loadClass(Unknown Source)
	... 26 more
... Removed 24 stack frames]]>
    </failure>
  </testcase> <!-- @BeforeClass start -->
  <testcase name="@AfterClass end" time="0.0" classname="com.test.TestCase.BonusMgmt.TC_ProjectPanorama">
    <skipped/>
  </testcase> <!-- @AfterClass end -->
  <testcase name="ProjectPanorama" time="0.0" classname="com.test.TestCase.BonusMgmt.TC_ProjectPanorama">
    <skipped/>
  </testcase> <!-- ProjectPanorama -->
</testsuite> <!-- BonusMgmt -->
