<?xml version="1.0" encoding="UTF-8"?>
<!-- Generated by org.testng.reporters.JUnitXMLReporter -->
<testsuite hostname="DESKTOP-DCOTBCV" name="LicenseMgmt" tests="2" failures="0" timestamp="8 Jul 2021 08:14:56 GMT" time="0.004" errors="0">
  <testcase name="@BeforeClass start" time="0.0" classname="com.test.TestCase.LicenseMgmt.TC_OperationLicense">
    <failure type="java.lang.NoClassDefFoundError" message="org/openqa/selenium/WebDriver">
      <![CDATA[java.lang.NoClassDefFoundError: org/openqa/selenium/WebDriver
	at com.test.TestCase.LoginLogout.BaseTestCase.init(BaseTestCase.java:14)
	at com.test.TestCase.LicenseMgmt.TC_OperationLicense.start(TC_OperationLicense.java:19)
Caused by: java.lang.ClassNotFoundException: org.openqa.selenium.WebDriver
	at java.net.URLClassLoader.findClass(Unknown Source)
	at java.lang.ClassLoader.loadClass(Unknown Source)
	at sun.misc.Launcher$AppClassLoader.loadClass(Unknown Source)
	at java.lang.ClassLoader.loadClass(Unknown Source)
	... 26 more
... Removed 24 stack frames]]>
    </failure>
  </testcase> <!-- @BeforeClass start -->
  <testcase name="@AfterClass end" time="0.0" classname="com.test.TestCase.LicenseMgmt.TC_OperationLicense">
    <skipped/>
  </testcase> <!-- @AfterClass end -->
  <testcase name="@BeforeClass start" time="0.0" classname="com.test.TestCase.LicenseMgmt.TC_LicenseSummary">
    <failure type="java.lang.NoClassDefFoundError" message="org/openqa/selenium/WebDriver">
      <![CDATA[java.lang.NoClassDefFoundError: org/openqa/selenium/WebDriver
	at com.test.TestCase.LoginLogout.BaseTestCase.init(BaseTestCase.java:14)
	at com.test.TestCase.LicenseMgmt.TC_LicenseSummary.start(TC_LicenseSummary.java:19)
Caused by: java.lang.ClassNotFoundException: org.openqa.selenium.WebDriver
	at java.net.URLClassLoader.findClass(Unknown Source)
	at java.lang.ClassLoader.loadClass(Unknown Source)
	at sun.misc.Launcher$AppClassLoader.loadClass(Unknown Source)
	at java.lang.ClassLoader.loadClass(Unknown Source)
	... 26 more
... Removed 24 stack frames]]>
    </failure>
  </testcase> <!-- @BeforeClass start -->
  <testcase name="@AfterClass end" time="0.0" classname="com.test.TestCase.LicenseMgmt.TC_LicenseSummary">
    <skipped/>
  </testcase> <!-- @AfterClass end -->
  <testcase name="operationLicense" time="0.0" classname="com.test.TestCase.LicenseMgmt.TC_OperationLicense">
    <skipped/>
  </testcase> <!-- operationLicense -->
  <testcase name="licenseSummary" time="0.001" classname="com.test.TestCase.LicenseMgmt.TC_LicenseSummary">
    <skipped/>
  </testcase> <!-- licenseSummary -->
</testsuite> <!-- LicenseMgmt -->
