<?xml version="1.0" encoding="UTF-8"?>
<!-- Generated by org.testng.reporters.JUnitXMLReporter -->
<testsuite hostname="DESKTOP-DCOTBCV" name="StoreMgmt" tests="4" failures="0" timestamp="8 Jul 2021 08:14:56 GMT" time="0.006" errors="0">
  <testcase name="@BeforeClass start" time="0.0" classname="com.test.TestCase.StoreMgmt.TC_Store">
    <failure type="java.lang.NoClassDefFoundError" message="org/openqa/selenium/WebDriver">
      <![CDATA[java.lang.NoClassDefFoundError: org/openqa/selenium/WebDriver
	at com.test.TestCase.LoginLogout.BaseTestCase.init(BaseTestCase.java:14)
	at com.test.TestCase.StoreMgmt.TC_Store.start(TC_Store.java:19)
Caused by: java.lang.ClassNotFoundException: org.openqa.selenium.WebDriver
	at java.net.URLClassLoader.findClass(Unknown Source)
	at java.lang.ClassLoader.loadClass(Unknown Source)
	at sun.misc.Launcher$AppClassLoader.loadClass(Unknown Source)
	at java.lang.ClassLoader.loadClass(Unknown Source)
	... 26 more
... Removed 24 stack frames]]>
    </failure>
  </testcase> <!-- @BeforeClass start -->
  <testcase name="@AfterClass end" time="0.0" classname="com.test.TestCase.StoreMgmt.TC_Store">
    <skipped/>
  </testcase> <!-- @AfterClass end -->
  <testcase name="@BeforeClass start" time="0.0" classname="com.test.TestCase.StoreMgmt.TC_RoomType">
    <failure type="java.lang.NoClassDefFoundError" message="org/openqa/selenium/WebDriver">
      <![CDATA[java.lang.NoClassDefFoundError: org/openqa/selenium/WebDriver
	at com.test.TestCase.LoginLogout.BaseTestCase.init(BaseTestCase.java:14)
	at com.test.TestCase.StoreMgmt.TC_RoomType.start(TC_RoomType.java:19)
Caused by: java.lang.ClassNotFoundException: org.openqa.selenium.WebDriver
	at java.net.URLClassLoader.findClass(Unknown Source)
	at java.lang.ClassLoader.loadClass(Unknown Source)
	at sun.misc.Launcher$AppClassLoader.loadClass(Unknown Source)
	at java.lang.ClassLoader.loadClass(Unknown Source)
	... 26 more
... Removed 24 stack frames]]>
    </failure>
  </testcase> <!-- @BeforeClass start -->
  <testcase name="@AfterClass end" time="0.0" classname="com.test.TestCase.StoreMgmt.TC_RoomType">
    <skipped/>
  </testcase> <!-- @AfterClass end -->
  <testcase name="@BeforeClass start" time="0.0" classname="com.test.TestCase.StoreMgmt.TC_RoomNumber">
    <failure type="java.lang.NoClassDefFoundError" message="org/openqa/selenium/WebDriver">
      <![CDATA[java.lang.NoClassDefFoundError: org/openqa/selenium/WebDriver
	at com.test.TestCase.LoginLogout.BaseTestCase.init(BaseTestCase.java:14)
	at com.test.TestCase.StoreMgmt.TC_RoomNumber.start(TC_RoomNumber.java:19)
Caused by: java.lang.ClassNotFoundException: org.openqa.selenium.WebDriver
	at java.net.URLClassLoader.findClass(Unknown Source)
	at java.lang.ClassLoader.loadClass(Unknown Source)
	at sun.misc.Launcher$AppClassLoader.loadClass(Unknown Source)
	at java.lang.ClassLoader.loadClass(Unknown Source)
	... 26 more
... Removed 24 stack frames]]>
    </failure>
  </testcase> <!-- @BeforeClass start -->
  <testcase name="@AfterClass end" time="0.0" classname="com.test.TestCase.StoreMgmt.TC_RoomNumber">
    <skipped/>
  </testcase> <!-- @AfterClass end -->
  <testcase name="@BeforeClass start" time="0.0" classname="com.test.TestCase.StoreMgmt.TC_Renew">
    <failure type="java.lang.NoClassDefFoundError" message="org/openqa/selenium/WebDriver">
      <![CDATA[java.lang.NoClassDefFoundError: org/openqa/selenium/WebDriver
	at com.test.TestCase.LoginLogout.BaseTestCase.init(BaseTestCase.java:14)
	at com.test.TestCase.StoreMgmt.TC_Renew.start(TC_Renew.java:19)
Caused by: java.lang.ClassNotFoundException: org.openqa.selenium.WebDriver
	at java.net.URLClassLoader.findClass(Unknown Source)
	at java.lang.ClassLoader.loadClass(Unknown Source)
	at sun.misc.Launcher$AppClassLoader.loadClass(Unknown Source)
	at java.lang.ClassLoader.loadClass(Unknown Source)
	... 26 more
... Removed 24 stack frames]]>
    </failure>
  </testcase> <!-- @BeforeClass start -->
  <testcase name="@AfterClass end" time="0.0" classname="com.test.TestCase.StoreMgmt.TC_Renew">
    <skipped/>
  </testcase> <!-- @AfterClass end -->
  <testcase name="store" time="0.0" classname="com.test.TestCase.StoreMgmt.TC_Store">
    <skipped/>
  </testcase> <!-- store -->
  <testcase name="roomType" time="0.0" classname="com.test.TestCase.StoreMgmt.TC_RoomType">
    <skipped/>
  </testcase> <!-- roomType -->
  <testcase name="roomNumber" time="0.0" classname="com.test.TestCase.StoreMgmt.TC_RoomNumber">
    <skipped/>
  </testcase> <!-- roomNumber -->
  <testcase name="renew" time="0.0" classname="com.test.TestCase.StoreMgmt.TC_Renew">
    <skipped/>
  </testcase> <!-- renew -->
</testsuite> <!-- StoreMgmt -->
