<?xml version="1.0" encoding="UTF-8"?>
<!-- Generated by org.testng.reporters.JUnitXMLReporter -->
<testsuite hostname="admin-PC" ignored="0" name="test1" tests="3" failures="0" timestamp="28 五月 2018 08:31:11 GMT" time="0.024" errors="0">
  <testcase name="renew1" time="0.006" classname="com.test.TestCase.StoreMgmt.TC_Renew2"/>
  <testcase name="renew2" time="0.001" classname="com.test.TestCase.StoreMgmt.TC_Renew2"/>
  <testcase name="renew3" time="0.0" classname="com.test.TestCase.StoreMgmt.TC_Renew2"/>
</testsuite> <!-- test1 -->
