<?xml version="1.0" encoding="UTF-8"?>
<!-- Generated by org.testng.reporters.JUnitXMLReporter -->
<testsuite hostname="admin-PC" ignored="1" name="TestMethods" tests="4" failures="0" timestamp="28 五月 2018 08:49:06 GMT" time="0.025" errors="0">
  <testcase name="getName" time="0.008" classname="com.test.TestCase.StoreMgmt.TestngMethods"/>
  <testcase name="saveMethod1" time="0.001" classname="com.test.TestCase.StoreMgmt.TestngMethods"/>
  <testcase name="saveMethod2" time="0.0" classname="com.test.TestCase.StoreMgmt.TestngMethods"/>
  <testcase name="saveMethod3" time="0.001" classname="com.test.TestCase.StoreMgmt.TestngMethods"/>
  <testcase name="funtest" time="0.0" classname="com.test.TestCase.StoreMgmt.TestngMethods">
    <ignored/>
  </testcase> <!-- funtest -->
</testsuite> <!-- TestMethods -->
