<?xml version="1.0" encoding="UTF-8"?>
<testng-results skipped="49" failed="0" total="49" passed="0">
  <reporter-output>
  </reporter-output>
  <suite name="Suite" duration-ms="201" started-at="2021-07-08T08:14:56Z" finished-at="2021-07-08T08:14:56Z">
    <groups>
    </groups>
    <test name="BusinessProcess" duration-ms="25" started-at="2021-07-08T08:14:56Z" finished-at="2021-07-08T08:14:56Z">
      <class name="com.test.TestCase.BusinessProcess.TC_ContractProcess">
        <test-method status="FAIL" signature="start()[pri:0, instance:com.test.TestCase.BusinessProcess.TC_ContractProcess@7a92922]" name="start" is-config="true" duration-ms="0" started-at="2021-07-08T16:14:56Z" finished-at="2021-07-08T16:14:56Z">
          <exception class="java.lang.NoClassDefFoundError">
            <message>
              <![CDATA[org/openqa/selenium/WebDriver]]>
            </message>
            <full-stacktrace>
              <![CDATA[java.lang.NoClassDefFoundError: org/openqa/selenium/WebDriver
	at com.test.TestCase.LoginLogout.BaseTestCase.init(BaseTestCase.java:14)
	at com.test.TestCase.BusinessProcess.TC_ContractProcess.start(TC_ContractProcess.java:23)
	at sun.reflect.NativeMethodAccessorImpl.invoke0(Native Method)
	at sun.reflect.NativeMethodAccessorImpl.invoke(Unknown Source)
	at sun.reflect.DelegatingMethodAccessorImpl.invoke(Unknown Source)
	at java.lang.reflect.Method.invoke(Unknown Source)
	at org.testng.internal.MethodInvocationHelper.invokeMethod(MethodInvocationHelper.java:85)
	at org.testng.internal.Invoker.invokeConfigurationMethod(Invoker.java:510)
	at org.testng.internal.Invoker.invokeConfigurations(Invoker.java:211)
	at org.testng.internal.Invoker.invokeConfigurations(Invoker.java:138)
	at org.testng.internal.TestMethodWorker.invokeBeforeClassMethods(TestMethodWorker.java:170)
	at org.testng.internal.TestMethodWorker.run(TestMethodWorker.java:104)
	at org.testng.TestRunner.privateRun(TestRunner.java:774)
	at org.testng.TestRunner.run(TestRunner.java:624)
	at org.testng.SuiteRunner.runTest(SuiteRunner.java:359)
	at org.testng.SuiteRunner.runSequentially(SuiteRunner.java:354)
	at org.testng.SuiteRunner.privateRun(SuiteRunner.java:312)
	at org.testng.SuiteRunner.run(SuiteRunner.java:261)
	at org.testng.SuiteRunnerWorker.runSuite(SuiteRunnerWorker.java:52)
	at org.testng.SuiteRunnerWorker.run(SuiteRunnerWorker.java:86)
	at org.testng.TestNG.runSuitesSequentially(TestNG.java:1191)
	at org.testng.TestNG.runSuitesLocally(TestNG.java:1116)
	at org.testng.TestNG.run(TestNG.java:1024)
	at org.testng.remote.RemoteTestNG.run(RemoteTestNG.java:112)
	at org.testng.remote.RemoteTestNG.initAndRun(RemoteTestNG.java:205)
	at org.testng.remote.RemoteTestNG.main(RemoteTestNG.java:176)
Caused by: java.lang.ClassNotFoundException: org.openqa.selenium.WebDriver
	at java.net.URLClassLoader.findClass(Unknown Source)
	at java.lang.ClassLoader.loadClass(Unknown Source)
	at sun.misc.Launcher$AppClassLoader.loadClass(Unknown Source)
	at java.lang.ClassLoader.loadClass(Unknown Source)
	... 26 more
]]>
            </full-stacktrace>
          </exception> <!-- java.lang.NoClassDefFoundError -->
          <reporter-output>
          </reporter-output>
        </test-method> <!-- start -->
        <test-method status="SKIP" signature="contractProcess()[pri:0, instance:com.test.TestCase.BusinessProcess.TC_ContractProcess@7a92922]" name="contractProcess" duration-ms="0" started-at="2021-07-08T16:14:56Z" finished-at="2021-07-08T16:14:56Z">
          <reporter-output>
          </reporter-output>
        </test-method> <!-- contractProcess -->
        <test-method status="SKIP" signature="end()[pri:0, instance:com.test.TestCase.BusinessProcess.TC_ContractProcess@7a92922]" name="end" is-config="true" duration-ms="0" started-at="2021-07-08T16:14:56Z" finished-at="2021-07-08T16:14:56Z">
          <reporter-output>
          </reporter-output>
        </test-method> <!-- end -->
      </class> <!-- com.test.TestCase.BusinessProcess.TC_ContractProcess -->
    </test> <!-- BusinessProcess -->
    <test name="StatisticsReport" duration-ms="32" started-at="2021-07-08T08:14:56Z" finished-at="2021-07-08T08:14:56Z">
      <class name="com.test.TestCase.StatisticsReport.TC_StoreStatus">
        <test-method status="SKIP" signature="storeStatus()[pri:0, instance:com.test.TestCase.StatisticsReport.TC_StoreStatus@6debcae2]" name="storeStatus" duration-ms="1" started-at="2021-07-08T16:14:56Z" finished-at="2021-07-08T16:14:56Z">
          <reporter-output>
          </reporter-output>
        </test-method> <!-- storeStatus -->
        <test-method status="FAIL" signature="start()[pri:0, instance:com.test.TestCase.StatisticsReport.TC_StoreStatus@6debcae2]" name="start" is-config="true" duration-ms="0" started-at="2021-07-08T16:14:56Z" finished-at="2021-07-08T16:14:56Z">
          <exception class="java.lang.NoClassDefFoundError">
            <message>
              <![CDATA[org/openqa/selenium/WebDriver]]>
            </message>
            <full-stacktrace>
              <![CDATA[java.lang.NoClassDefFoundError: org/openqa/selenium/WebDriver
	at com.test.TestCase.LoginLogout.BaseTestCase.init(BaseTestCase.java:14)
	at com.test.TestCase.StatisticsReport.TC_StoreStatus.start(TC_StoreStatus.java:20)
	at sun.reflect.NativeMethodAccessorImpl.invoke0(Native Method)
	at sun.reflect.NativeMethodAccessorImpl.invoke(Unknown Source)
	at sun.reflect.DelegatingMethodAccessorImpl.invoke(Unknown Source)
	at java.lang.reflect.Method.invoke(Unknown Source)
	at org.testng.internal.MethodInvocationHelper.invokeMethod(MethodInvocationHelper.java:85)
	at org.testng.internal.Invoker.invokeConfigurationMethod(Invoker.java:510)
	at org.testng.internal.Invoker.invokeConfigurations(Invoker.java:211)
	at org.testng.internal.Invoker.invokeConfigurations(Invoker.java:138)
	at org.testng.internal.TestMethodWorker.invokeBeforeClassMethods(TestMethodWorker.java:170)
	at org.testng.internal.TestMethodWorker.run(TestMethodWorker.java:104)
	at org.testng.TestRunner.privateRun(TestRunner.java:774)
	at org.testng.TestRunner.run(TestRunner.java:624)
	at org.testng.SuiteRunner.runTest(SuiteRunner.java:359)
	at org.testng.SuiteRunner.runSequentially(SuiteRunner.java:354)
	at org.testng.SuiteRunner.privateRun(SuiteRunner.java:312)
	at org.testng.SuiteRunner.run(SuiteRunner.java:261)
	at org.testng.SuiteRunnerWorker.runSuite(SuiteRunnerWorker.java:52)
	at org.testng.SuiteRunnerWorker.run(SuiteRunnerWorker.java:86)
	at org.testng.TestNG.runSuitesSequentially(TestNG.java:1191)
	at org.testng.TestNG.runSuitesLocally(TestNG.java:1116)
	at org.testng.TestNG.run(TestNG.java:1024)
	at org.testng.remote.RemoteTestNG.run(RemoteTestNG.java:112)
	at org.testng.remote.RemoteTestNG.initAndRun(RemoteTestNG.java:205)
	at org.testng.remote.RemoteTestNG.main(RemoteTestNG.java:176)
Caused by: java.lang.ClassNotFoundException: org.openqa.selenium.WebDriver
	at java.net.URLClassLoader.findClass(Unknown Source)
	at java.lang.ClassLoader.loadClass(Unknown Source)
	at sun.misc.Launcher$AppClassLoader.loadClass(Unknown Source)
	at java.lang.ClassLoader.loadClass(Unknown Source)
	... 26 more
]]>
            </full-stacktrace>
          </exception> <!-- java.lang.NoClassDefFoundError -->
          <reporter-output>
          </reporter-output>
        </test-method> <!-- start -->
        <test-method status="SKIP" signature="end()[pri:0, instance:com.test.TestCase.StatisticsReport.TC_StoreStatus@6debcae2]" name="end" is-config="true" duration-ms="0" started-at="2021-07-08T16:14:56Z" finished-at="2021-07-08T16:14:56Z">
          <reporter-output>
          </reporter-output>
        </test-method> <!-- end -->
      </class> <!-- com.test.TestCase.StatisticsReport.TC_StoreStatus -->
      <class name="com.test.TestCase.StatisticsReport.TC_ReceivableJoinFee">
        <test-method status="FAIL" signature="start()[pri:0, instance:com.test.TestCase.StatisticsReport.TC_ReceivableJoinFee@66d33a]" name="start" is-config="true" duration-ms="0" started-at="2021-07-08T16:14:56Z" finished-at="2021-07-08T16:14:56Z">
          <exception class="java.lang.NoClassDefFoundError">
            <message>
              <![CDATA[org/openqa/selenium/WebDriver]]>
            </message>
            <full-stacktrace>
              <![CDATA[java.lang.NoClassDefFoundError: org/openqa/selenium/WebDriver
	at com.test.TestCase.LoginLogout.BaseTestCase.init(BaseTestCase.java:14)
	at com.test.TestCase.StatisticsReport.TC_ReceivableJoinFee.start(TC_ReceivableJoinFee.java:19)
	at sun.reflect.NativeMethodAccessorImpl.invoke0(Native Method)
	at sun.reflect.NativeMethodAccessorImpl.invoke(Unknown Source)
	at sun.reflect.DelegatingMethodAccessorImpl.invoke(Unknown Source)
	at java.lang.reflect.Method.invoke(Unknown Source)
	at org.testng.internal.MethodInvocationHelper.invokeMethod(MethodInvocationHelper.java:85)
	at org.testng.internal.Invoker.invokeConfigurationMethod(Invoker.java:510)
	at org.testng.internal.Invoker.invokeConfigurations(Invoker.java:211)
	at org.testng.internal.Invoker.invokeConfigurations(Invoker.java:138)
	at org.testng.internal.TestMethodWorker.invokeBeforeClassMethods(TestMethodWorker.java:170)
	at org.testng.internal.TestMethodWorker.run(TestMethodWorker.java:104)
	at org.testng.TestRunner.privateRun(TestRunner.java:774)
	at org.testng.TestRunner.run(TestRunner.java:624)
	at org.testng.SuiteRunner.runTest(SuiteRunner.java:359)
	at org.testng.SuiteRunner.runSequentially(SuiteRunner.java:354)
	at org.testng.SuiteRunner.privateRun(SuiteRunner.java:312)
	at org.testng.SuiteRunner.run(SuiteRunner.java:261)
	at org.testng.SuiteRunnerWorker.runSuite(SuiteRunnerWorker.java:52)
	at org.testng.SuiteRunnerWorker.run(SuiteRunnerWorker.java:86)
	at org.testng.TestNG.runSuitesSequentially(TestNG.java:1191)
	at org.testng.TestNG.runSuitesLocally(TestNG.java:1116)
	at org.testng.TestNG.run(TestNG.java:1024)
	at org.testng.remote.RemoteTestNG.run(RemoteTestNG.java:112)
	at org.testng.remote.RemoteTestNG.initAndRun(RemoteTestNG.java:205)
	at org.testng.remote.RemoteTestNG.main(RemoteTestNG.java:176)
Caused by: java.lang.ClassNotFoundException: org.openqa.selenium.WebDriver
	at java.net.URLClassLoader.findClass(Unknown Source)
	at java.lang.ClassLoader.loadClass(Unknown Source)
	at sun.misc.Launcher$AppClassLoader.loadClass(Unknown Source)
	at java.lang.ClassLoader.loadClass(Unknown Source)
	... 26 more
]]>
            </full-stacktrace>
          </exception> <!-- java.lang.NoClassDefFoundError -->
          <reporter-output>
          </reporter-output>
        </test-method> <!-- start -->
        <test-method status="SKIP" signature="AccountingReceivable()[pri:0, instance:com.test.TestCase.StatisticsReport.TC_ReceivableJoinFee@66d33a]" name="AccountingReceivable" duration-ms="0" started-at="2021-07-08T16:14:56Z" finished-at="2021-07-08T16:14:56Z">
          <reporter-output>
          </reporter-output>
        </test-method> <!-- AccountingReceivable -->
        <test-method status="SKIP" signature="end()[pri:0, instance:com.test.TestCase.StatisticsReport.TC_ReceivableJoinFee@66d33a]" name="end" is-config="true" duration-ms="0" started-at="2021-07-08T16:14:56Z" finished-at="2021-07-08T16:14:56Z">
          <reporter-output>
          </reporter-output>
        </test-method> <!-- end -->
      </class> <!-- com.test.TestCase.StatisticsReport.TC_ReceivableJoinFee -->
      <class name="com.test.TestCase.StatisticsReport.TC_DevRevenue">
        <test-method status="FAIL" signature="start()[pri:0, instance:com.test.TestCase.StatisticsReport.TC_DevRevenue@5e025e70]" name="start" is-config="true" duration-ms="0" started-at="2021-07-08T16:14:56Z" finished-at="2021-07-08T16:14:56Z">
          <exception class="java.lang.NoClassDefFoundError">
            <message>
              <![CDATA[org/openqa/selenium/WebDriver]]>
            </message>
            <full-stacktrace>
              <![CDATA[java.lang.NoClassDefFoundError: org/openqa/selenium/WebDriver
	at com.test.TestCase.LoginLogout.BaseTestCase.init(BaseTestCase.java:14)
	at com.test.TestCase.StatisticsReport.TC_DevRevenue.start(TC_DevRevenue.java:19)
	at sun.reflect.NativeMethodAccessorImpl.invoke0(Native Method)
	at sun.reflect.NativeMethodAccessorImpl.invoke(Unknown Source)
	at sun.reflect.DelegatingMethodAccessorImpl.invoke(Unknown Source)
	at java.lang.reflect.Method.invoke(Unknown Source)
	at org.testng.internal.MethodInvocationHelper.invokeMethod(MethodInvocationHelper.java:85)
	at org.testng.internal.Invoker.invokeConfigurationMethod(Invoker.java:510)
	at org.testng.internal.Invoker.invokeConfigurations(Invoker.java:211)
	at org.testng.internal.Invoker.invokeConfigurations(Invoker.java:138)
	at org.testng.internal.TestMethodWorker.invokeBeforeClassMethods(TestMethodWorker.java:170)
	at org.testng.internal.TestMethodWorker.run(TestMethodWorker.java:104)
	at org.testng.TestRunner.privateRun(TestRunner.java:774)
	at org.testng.TestRunner.run(TestRunner.java:624)
	at org.testng.SuiteRunner.runTest(SuiteRunner.java:359)
	at org.testng.SuiteRunner.runSequentially(SuiteRunner.java:354)
	at org.testng.SuiteRunner.privateRun(SuiteRunner.java:312)
	at org.testng.SuiteRunner.run(SuiteRunner.java:261)
	at org.testng.SuiteRunnerWorker.runSuite(SuiteRunnerWorker.java:52)
	at org.testng.SuiteRunnerWorker.run(SuiteRunnerWorker.java:86)
	at org.testng.TestNG.runSuitesSequentially(TestNG.java:1191)
	at org.testng.TestNG.runSuitesLocally(TestNG.java:1116)
	at org.testng.TestNG.run(TestNG.java:1024)
	at org.testng.remote.RemoteTestNG.run(RemoteTestNG.java:112)
	at org.testng.remote.RemoteTestNG.initAndRun(RemoteTestNG.java:205)
	at org.testng.remote.RemoteTestNG.main(RemoteTestNG.java:176)
Caused by: java.lang.ClassNotFoundException: org.openqa.selenium.WebDriver
	at java.net.URLClassLoader.findClass(Unknown Source)
	at java.lang.ClassLoader.loadClass(Unknown Source)
	at sun.misc.Launcher$AppClassLoader.loadClass(Unknown Source)
	at java.lang.ClassLoader.loadClass(Unknown Source)
	... 26 more
]]>
            </full-stacktrace>
          </exception> <!-- java.lang.NoClassDefFoundError -->
          <reporter-output>
          </reporter-output>
        </test-method> <!-- start -->
        <test-method status="SKIP" signature="devRevenue()[pri:0, instance:com.test.TestCase.StatisticsReport.TC_DevRevenue@5e025e70]" name="devRevenue" duration-ms="0" started-at="2021-07-08T16:14:56Z" finished-at="2021-07-08T16:14:56Z">
          <reporter-output>
          </reporter-output>
        </test-method> <!-- devRevenue -->
        <test-method status="SKIP" signature="end()[pri:0, instance:com.test.TestCase.StatisticsReport.TC_DevRevenue@5e025e70]" name="end" is-config="true" duration-ms="0" started-at="2021-07-08T16:14:56Z" finished-at="2021-07-08T16:14:56Z">
          <reporter-output>
          </reporter-output>
        </test-method> <!-- end -->
      </class> <!-- com.test.TestCase.StatisticsReport.TC_DevRevenue -->
      <class name="com.test.TestCase.StatisticsReport.TC_VisitTimes">
        <test-method status="FAIL" signature="start()[pri:0, instance:com.test.TestCase.StatisticsReport.TC_VisitTimes@2ff4f00f]" name="start" is-config="true" duration-ms="0" started-at="2021-07-08T16:14:56Z" finished-at="2021-07-08T16:14:56Z">
          <exception class="java.lang.NoClassDefFoundError">
            <message>
              <![CDATA[org/openqa/selenium/WebDriver]]>
            </message>
            <full-stacktrace>
              <![CDATA[java.lang.NoClassDefFoundError: org/openqa/selenium/WebDriver
	at com.test.TestCase.LoginLogout.BaseTestCase.init(BaseTestCase.java:14)
	at com.test.TestCase.StatisticsReport.TC_VisitTimes.start(TC_VisitTimes.java:19)
	at sun.reflect.NativeMethodAccessorImpl.invoke0(Native Method)
	at sun.reflect.NativeMethodAccessorImpl.invoke(Unknown Source)
	at sun.reflect.DelegatingMethodAccessorImpl.invoke(Unknown Source)
	at java.lang.reflect.Method.invoke(Unknown Source)
	at org.testng.internal.MethodInvocationHelper.invokeMethod(MethodInvocationHelper.java:85)
	at org.testng.internal.Invoker.invokeConfigurationMethod(Invoker.java:510)
	at org.testng.internal.Invoker.invokeConfigurations(Invoker.java:211)
	at org.testng.internal.Invoker.invokeConfigurations(Invoker.java:138)
	at org.testng.internal.TestMethodWorker.invokeBeforeClassMethods(TestMethodWorker.java:170)
	at org.testng.internal.TestMethodWorker.run(TestMethodWorker.java:104)
	at org.testng.TestRunner.privateRun(TestRunner.java:774)
	at org.testng.TestRunner.run(TestRunner.java:624)
	at org.testng.SuiteRunner.runTest(SuiteRunner.java:359)
	at org.testng.SuiteRunner.runSequentially(SuiteRunner.java:354)
	at org.testng.SuiteRunner.privateRun(SuiteRunner.java:312)
	at org.testng.SuiteRunner.run(SuiteRunner.java:261)
	at org.testng.SuiteRunnerWorker.runSuite(SuiteRunnerWorker.java:52)
	at org.testng.SuiteRunnerWorker.run(SuiteRunnerWorker.java:86)
	at org.testng.TestNG.runSuitesSequentially(TestNG.java:1191)
	at org.testng.TestNG.runSuitesLocally(TestNG.java:1116)
	at org.testng.TestNG.run(TestNG.java:1024)
	at org.testng.remote.RemoteTestNG.run(RemoteTestNG.java:112)
	at org.testng.remote.RemoteTestNG.initAndRun(RemoteTestNG.java:205)
	at org.testng.remote.RemoteTestNG.main(RemoteTestNG.java:176)
Caused by: java.lang.ClassNotFoundException: org.openqa.selenium.WebDriver
	at java.net.URLClassLoader.findClass(Unknown Source)
	at java.lang.ClassLoader.loadClass(Unknown Source)
	at sun.misc.Launcher$AppClassLoader.loadClass(Unknown Source)
	at java.lang.ClassLoader.loadClass(Unknown Source)
	... 26 more
]]>
            </full-stacktrace>
          </exception> <!-- java.lang.NoClassDefFoundError -->
          <reporter-output>
          </reporter-output>
        </test-method> <!-- start -->
        <test-method status="SKIP" signature="visitTimes()[pri:0, instance:com.test.TestCase.StatisticsReport.TC_VisitTimes@2ff4f00f]" name="visitTimes" duration-ms="0" started-at="2021-07-08T16:14:56Z" finished-at="2021-07-08T16:14:56Z">
          <reporter-output>
          </reporter-output>
        </test-method> <!-- visitTimes -->
        <test-method status="SKIP" signature="end()[pri:0, instance:com.test.TestCase.StatisticsReport.TC_VisitTimes@2ff4f00f]" name="end" is-config="true" duration-ms="0" started-at="2021-07-08T16:14:56Z" finished-at="2021-07-08T16:14:56Z">
          <reporter-output>
          </reporter-output>
        </test-method> <!-- end -->
      </class> <!-- com.test.TestCase.StatisticsReport.TC_VisitTimes -->
      <class name="com.test.TestCase.StatisticsReport.TC_DevBrandProjects">
        <test-method status="FAIL" signature="start()[pri:0, instance:com.test.TestCase.StatisticsReport.TC_DevBrandProjects@4563e9ab]" name="start" is-config="true" duration-ms="0" started-at="2021-07-08T16:14:56Z" finished-at="2021-07-08T16:14:56Z">
          <exception class="java.lang.NoClassDefFoundError">
            <message>
              <![CDATA[org/openqa/selenium/WebDriver]]>
            </message>
            <full-stacktrace>
              <![CDATA[java.lang.NoClassDefFoundError: org/openqa/selenium/WebDriver
	at com.test.TestCase.LoginLogout.BaseTestCase.init(BaseTestCase.java:14)
	at com.test.TestCase.StatisticsReport.TC_DevBrandProjects.start(TC_DevBrandProjects.java:19)
	at sun.reflect.NativeMethodAccessorImpl.invoke0(Native Method)
	at sun.reflect.NativeMethodAccessorImpl.invoke(Unknown Source)
	at sun.reflect.DelegatingMethodAccessorImpl.invoke(Unknown Source)
	at java.lang.reflect.Method.invoke(Unknown Source)
	at org.testng.internal.MethodInvocationHelper.invokeMethod(MethodInvocationHelper.java:85)
	at org.testng.internal.Invoker.invokeConfigurationMethod(Invoker.java:510)
	at org.testng.internal.Invoker.invokeConfigurations(Invoker.java:211)
	at org.testng.internal.Invoker.invokeConfigurations(Invoker.java:138)
	at org.testng.internal.TestMethodWorker.invokeBeforeClassMethods(TestMethodWorker.java:170)
	at org.testng.internal.TestMethodWorker.run(TestMethodWorker.java:104)
	at org.testng.TestRunner.privateRun(TestRunner.java:774)
	at org.testng.TestRunner.run(TestRunner.java:624)
	at org.testng.SuiteRunner.runTest(SuiteRunner.java:359)
	at org.testng.SuiteRunner.runSequentially(SuiteRunner.java:354)
	at org.testng.SuiteRunner.privateRun(SuiteRunner.java:312)
	at org.testng.SuiteRunner.run(SuiteRunner.java:261)
	at org.testng.SuiteRunnerWorker.runSuite(SuiteRunnerWorker.java:52)
	at org.testng.SuiteRunnerWorker.run(SuiteRunnerWorker.java:86)
	at org.testng.TestNG.runSuitesSequentially(TestNG.java:1191)
	at org.testng.TestNG.runSuitesLocally(TestNG.java:1116)
	at org.testng.TestNG.run(TestNG.java:1024)
	at org.testng.remote.RemoteTestNG.run(RemoteTestNG.java:112)
	at org.testng.remote.RemoteTestNG.initAndRun(RemoteTestNG.java:205)
	at org.testng.remote.RemoteTestNG.main(RemoteTestNG.java:176)
Caused by: java.lang.ClassNotFoundException: org.openqa.selenium.WebDriver
	at java.net.URLClassLoader.findClass(Unknown Source)
	at java.lang.ClassLoader.loadClass(Unknown Source)
	at sun.misc.Launcher$AppClassLoader.loadClass(Unknown Source)
	at java.lang.ClassLoader.loadClass(Unknown Source)
	... 26 more
]]>
            </full-stacktrace>
          </exception> <!-- java.lang.NoClassDefFoundError -->
          <reporter-output>
          </reporter-output>
        </test-method> <!-- start -->
        <test-method status="SKIP" signature="devBrandProjects()[pri:0, instance:com.test.TestCase.StatisticsReport.TC_DevBrandProjects@4563e9ab]" name="devBrandProjects" duration-ms="0" started-at="2021-07-08T16:14:56Z" finished-at="2021-07-08T16:14:56Z">
          <reporter-output>
          </reporter-output>
        </test-method> <!-- devBrandProjects -->
        <test-method status="SKIP" signature="end()[pri:0, instance:com.test.TestCase.StatisticsReport.TC_DevBrandProjects@4563e9ab]" name="end" is-config="true" duration-ms="0" started-at="2021-07-08T16:14:56Z" finished-at="2021-07-08T16:14:56Z">
          <reporter-output>
          </reporter-output>
        </test-method> <!-- end -->
      </class> <!-- com.test.TestCase.StatisticsReport.TC_DevBrandProjects -->
      <class name="com.test.TestCase.StatisticsReport.TC_ReceivablesProgress">
        <test-method status="FAIL" signature="start()[pri:0, instance:com.test.TestCase.StatisticsReport.TC_ReceivablesProgress@7cf10a6f]" name="start" is-config="true" duration-ms="0" started-at="2021-07-08T16:14:56Z" finished-at="2021-07-08T16:14:56Z">
          <exception class="java.lang.NoClassDefFoundError">
            <message>
              <![CDATA[org/openqa/selenium/WebDriver]]>
            </message>
            <full-stacktrace>
              <![CDATA[java.lang.NoClassDefFoundError: org/openqa/selenium/WebDriver
	at com.test.TestCase.LoginLogout.BaseTestCase.init(BaseTestCase.java:14)
	at com.test.TestCase.StatisticsReport.TC_ReceivablesProgress.start(TC_ReceivablesProgress.java:16)
	at sun.reflect.NativeMethodAccessorImpl.invoke0(Native Method)
	at sun.reflect.NativeMethodAccessorImpl.invoke(Unknown Source)
	at sun.reflect.DelegatingMethodAccessorImpl.invoke(Unknown Source)
	at java.lang.reflect.Method.invoke(Unknown Source)
	at org.testng.internal.MethodInvocationHelper.invokeMethod(MethodInvocationHelper.java:85)
	at org.testng.internal.Invoker.invokeConfigurationMethod(Invoker.java:510)
	at org.testng.internal.Invoker.invokeConfigurations(Invoker.java:211)
	at org.testng.internal.Invoker.invokeConfigurations(Invoker.java:138)
	at org.testng.internal.TestMethodWorker.invokeBeforeClassMethods(TestMethodWorker.java:170)
	at org.testng.internal.TestMethodWorker.run(TestMethodWorker.java:104)
	at org.testng.TestRunner.privateRun(TestRunner.java:774)
	at org.testng.TestRunner.run(TestRunner.java:624)
	at org.testng.SuiteRunner.runTest(SuiteRunner.java:359)
	at org.testng.SuiteRunner.runSequentially(SuiteRunner.java:354)
	at org.testng.SuiteRunner.privateRun(SuiteRunner.java:312)
	at org.testng.SuiteRunner.run(SuiteRunner.java:261)
	at org.testng.SuiteRunnerWorker.runSuite(SuiteRunnerWorker.java:52)
	at org.testng.SuiteRunnerWorker.run(SuiteRunnerWorker.java:86)
	at org.testng.TestNG.runSuitesSequentially(TestNG.java:1191)
	at org.testng.TestNG.runSuitesLocally(TestNG.java:1116)
	at org.testng.TestNG.run(TestNG.java:1024)
	at org.testng.remote.RemoteTestNG.run(RemoteTestNG.java:112)
	at org.testng.remote.RemoteTestNG.initAndRun(RemoteTestNG.java:205)
	at org.testng.remote.RemoteTestNG.main(RemoteTestNG.java:176)
Caused by: java.lang.ClassNotFoundException: org.openqa.selenium.WebDriver
	at java.net.URLClassLoader.findClass(Unknown Source)
	at java.lang.ClassLoader.loadClass(Unknown Source)
	at sun.misc.Launcher$AppClassLoader.loadClass(Unknown Source)
	at java.lang.ClassLoader.loadClass(Unknown Source)
	... 26 more
]]>
            </full-stacktrace>
          </exception> <!-- java.lang.NoClassDefFoundError -->
          <reporter-output>
          </reporter-output>
        </test-method> <!-- start -->
        <test-method status="SKIP" signature="receivablesProgress()[pri:0, instance:com.test.TestCase.StatisticsReport.TC_ReceivablesProgress@7cf10a6f]" name="receivablesProgress" duration-ms="0" started-at="2021-07-08T16:14:56Z" finished-at="2021-07-08T16:14:56Z">
          <reporter-output>
          </reporter-output>
        </test-method> <!-- receivablesProgress -->
        <test-method status="SKIP" signature="end()[pri:0, instance:com.test.TestCase.StatisticsReport.TC_ReceivablesProgress@7cf10a6f]" name="end" is-config="true" duration-ms="0" started-at="2021-07-08T16:14:56Z" finished-at="2021-07-08T16:14:56Z">
          <reporter-output>
          </reporter-output>
        </test-method> <!-- end -->
      </class> <!-- com.test.TestCase.StatisticsReport.TC_ReceivablesProgress -->
      <class name="com.test.TestCase.StatisticsReport.TC_MonthlyFee">
        <test-method status="FAIL" signature="start()[pri:0, instance:com.test.TestCase.StatisticsReport.TC_MonthlyFee@45c8e616]" name="start" is-config="true" duration-ms="0" started-at="2021-07-08T16:14:56Z" finished-at="2021-07-08T16:14:56Z">
          <exception class="java.lang.NoClassDefFoundError">
            <message>
              <![CDATA[org/openqa/selenium/WebDriver]]>
            </message>
            <full-stacktrace>
              <![CDATA[java.lang.NoClassDefFoundError: org/openqa/selenium/WebDriver
	at com.test.TestCase.LoginLogout.BaseTestCase.init(BaseTestCase.java:14)
	at com.test.TestCase.StatisticsReport.TC_MonthlyFee.start(TC_MonthlyFee.java:21)
	at sun.reflect.NativeMethodAccessorImpl.invoke0(Native Method)
	at sun.reflect.NativeMethodAccessorImpl.invoke(Unknown Source)
	at sun.reflect.DelegatingMethodAccessorImpl.invoke(Unknown Source)
	at java.lang.reflect.Method.invoke(Unknown Source)
	at org.testng.internal.MethodInvocationHelper.invokeMethod(MethodInvocationHelper.java:85)
	at org.testng.internal.Invoker.invokeConfigurationMethod(Invoker.java:510)
	at org.testng.internal.Invoker.invokeConfigurations(Invoker.java:211)
	at org.testng.internal.Invoker.invokeConfigurations(Invoker.java:138)
	at org.testng.internal.TestMethodWorker.invokeBeforeClassMethods(TestMethodWorker.java:170)
	at org.testng.internal.TestMethodWorker.run(TestMethodWorker.java:104)
	at org.testng.TestRunner.privateRun(TestRunner.java:774)
	at org.testng.TestRunner.run(TestRunner.java:624)
	at org.testng.SuiteRunner.runTest(SuiteRunner.java:359)
	at org.testng.SuiteRunner.runSequentially(SuiteRunner.java:354)
	at org.testng.SuiteRunner.privateRun(SuiteRunner.java:312)
	at org.testng.SuiteRunner.run(SuiteRunner.java:261)
	at org.testng.SuiteRunnerWorker.runSuite(SuiteRunnerWorker.java:52)
	at org.testng.SuiteRunnerWorker.run(SuiteRunnerWorker.java:86)
	at org.testng.TestNG.runSuitesSequentially(TestNG.java:1191)
	at org.testng.TestNG.runSuitesLocally(TestNG.java:1116)
	at org.testng.TestNG.run(TestNG.java:1024)
	at org.testng.remote.RemoteTestNG.run(RemoteTestNG.java:112)
	at org.testng.remote.RemoteTestNG.initAndRun(RemoteTestNG.java:205)
	at org.testng.remote.RemoteTestNG.main(RemoteTestNG.java:176)
Caused by: java.lang.ClassNotFoundException: org.openqa.selenium.WebDriver
	at java.net.URLClassLoader.findClass(Unknown Source)
	at java.lang.ClassLoader.loadClass(Unknown Source)
	at sun.misc.Launcher$AppClassLoader.loadClass(Unknown Source)
	at java.lang.ClassLoader.loadClass(Unknown Source)
	... 26 more
]]>
            </full-stacktrace>
          </exception> <!-- java.lang.NoClassDefFoundError -->
          <reporter-output>
          </reporter-output>
        </test-method> <!-- start -->
        <test-method status="SKIP" signature="monthlyFee()[pri:0, instance:com.test.TestCase.StatisticsReport.TC_MonthlyFee@45c8e616]" name="monthlyFee" duration-ms="1" started-at="2021-07-08T16:14:56Z" finished-at="2021-07-08T16:14:56Z">
          <reporter-output>
          </reporter-output>
        </test-method> <!-- monthlyFee -->
        <test-method status="SKIP" signature="end()[pri:0, instance:com.test.TestCase.StatisticsReport.TC_MonthlyFee@45c8e616]" name="end" is-config="true" duration-ms="0" started-at="2021-07-08T16:14:56Z" finished-at="2021-07-08T16:14:56Z">
          <reporter-output>
          </reporter-output>
        </test-method> <!-- end -->
      </class> <!-- com.test.TestCase.StatisticsReport.TC_MonthlyFee -->
      <class name="com.test.TestCase.StatisticsReport.TC_BrandProjects">
        <test-method status="FAIL" signature="start()[pri:0, instance:com.test.TestCase.StatisticsReport.TC_BrandProjects@19bb089b]" name="start" is-config="true" duration-ms="0" started-at="2021-07-08T16:14:56Z" finished-at="2021-07-08T16:14:56Z">
          <exception class="java.lang.NoClassDefFoundError">
            <message>
              <![CDATA[org/openqa/selenium/WebDriver]]>
            </message>
            <full-stacktrace>
              <![CDATA[java.lang.NoClassDefFoundError: org/openqa/selenium/WebDriver
	at com.test.TestCase.LoginLogout.BaseTestCase.init(BaseTestCase.java:14)
	at com.test.TestCase.StatisticsReport.TC_BrandProjects.start(TC_BrandProjects.java:21)
	at sun.reflect.NativeMethodAccessorImpl.invoke0(Native Method)
	at sun.reflect.NativeMethodAccessorImpl.invoke(Unknown Source)
	at sun.reflect.DelegatingMethodAccessorImpl.invoke(Unknown Source)
	at java.lang.reflect.Method.invoke(Unknown Source)
	at org.testng.internal.MethodInvocationHelper.invokeMethod(MethodInvocationHelper.java:85)
	at org.testng.internal.Invoker.invokeConfigurationMethod(Invoker.java:510)
	at org.testng.internal.Invoker.invokeConfigurations(Invoker.java:211)
	at org.testng.internal.Invoker.invokeConfigurations(Invoker.java:138)
	at org.testng.internal.TestMethodWorker.invokeBeforeClassMethods(TestMethodWorker.java:170)
	at org.testng.internal.TestMethodWorker.run(TestMethodWorker.java:104)
	at org.testng.TestRunner.privateRun(TestRunner.java:774)
	at org.testng.TestRunner.run(TestRunner.java:624)
	at org.testng.SuiteRunner.runTest(SuiteRunner.java:359)
	at org.testng.SuiteRunner.runSequentially(SuiteRunner.java:354)
	at org.testng.SuiteRunner.privateRun(SuiteRunner.java:312)
	at org.testng.SuiteRunner.run(SuiteRunner.java:261)
	at org.testng.SuiteRunnerWorker.runSuite(SuiteRunnerWorker.java:52)
	at org.testng.SuiteRunnerWorker.run(SuiteRunnerWorker.java:86)
	at org.testng.TestNG.runSuitesSequentially(TestNG.java:1191)
	at org.testng.TestNG.runSuitesLocally(TestNG.java:1116)
	at org.testng.TestNG.run(TestNG.java:1024)
	at org.testng.remote.RemoteTestNG.run(RemoteTestNG.java:112)
	at org.testng.remote.RemoteTestNG.initAndRun(RemoteTestNG.java:205)
	at org.testng.remote.RemoteTestNG.main(RemoteTestNG.java:176)
Caused by: java.lang.ClassNotFoundException: org.openqa.selenium.WebDriver
	at java.net.URLClassLoader.findClass(Unknown Source)
	at java.lang.ClassLoader.loadClass(Unknown Source)
	at sun.misc.Launcher$AppClassLoader.loadClass(Unknown Source)
	at java.lang.ClassLoader.loadClass(Unknown Source)
	... 26 more
]]>
            </full-stacktrace>
          </exception> <!-- java.lang.NoClassDefFoundError -->
          <reporter-output>
          </reporter-output>
        </test-method> <!-- start -->
        <test-method status="SKIP" signature="drandProjects()[pri:0, instance:com.test.TestCase.StatisticsReport.TC_BrandProjects@19bb089b]" name="drandProjects" duration-ms="1" started-at="2021-07-08T16:14:56Z" finished-at="2021-07-08T16:14:56Z">
          <reporter-output>
          </reporter-output>
        </test-method> <!-- drandProjects -->
        <test-method status="SKIP" signature="end()[pri:0, instance:com.test.TestCase.StatisticsReport.TC_BrandProjects@19bb089b]" name="end" is-config="true" duration-ms="0" started-at="2021-07-08T16:14:56Z" finished-at="2021-07-08T16:14:56Z">
          <reporter-output>
          </reporter-output>
        </test-method> <!-- end -->
      </class> <!-- com.test.TestCase.StatisticsReport.TC_BrandProjects -->
      <class name="com.test.TestCase.StatisticsReport.TC_DevProjects">
        <test-method status="FAIL" signature="start()[pri:0, instance:com.test.TestCase.StatisticsReport.TC_DevProjects@11531931]" name="start" is-config="true" duration-ms="0" started-at="2021-07-08T16:14:56Z" finished-at="2021-07-08T16:14:56Z">
          <exception class="java.lang.NoClassDefFoundError">
            <message>
              <![CDATA[org/openqa/selenium/WebDriver]]>
            </message>
            <full-stacktrace>
              <![CDATA[java.lang.NoClassDefFoundError: org/openqa/selenium/WebDriver
	at com.test.TestCase.LoginLogout.BaseTestCase.init(BaseTestCase.java:14)
	at com.test.TestCase.StatisticsReport.TC_DevProjects.start(TC_DevProjects.java:20)
	at sun.reflect.NativeMethodAccessorImpl.invoke0(Native Method)
	at sun.reflect.NativeMethodAccessorImpl.invoke(Unknown Source)
	at sun.reflect.DelegatingMethodAccessorImpl.invoke(Unknown Source)
	at java.lang.reflect.Method.invoke(Unknown Source)
	at org.testng.internal.MethodInvocationHelper.invokeMethod(MethodInvocationHelper.java:85)
	at org.testng.internal.Invoker.invokeConfigurationMethod(Invoker.java:510)
	at org.testng.internal.Invoker.invokeConfigurations(Invoker.java:211)
	at org.testng.internal.Invoker.invokeConfigurations(Invoker.java:138)
	at org.testng.internal.TestMethodWorker.invokeBeforeClassMethods(TestMethodWorker.java:170)
	at org.testng.internal.TestMethodWorker.run(TestMethodWorker.java:104)
	at org.testng.TestRunner.privateRun(TestRunner.java:774)
	at org.testng.TestRunner.run(TestRunner.java:624)
	at org.testng.SuiteRunner.runTest(SuiteRunner.java:359)
	at org.testng.SuiteRunner.runSequentially(SuiteRunner.java:354)
	at org.testng.SuiteRunner.privateRun(SuiteRunner.java:312)
	at org.testng.SuiteRunner.run(SuiteRunner.java:261)
	at org.testng.SuiteRunnerWorker.runSuite(SuiteRunnerWorker.java:52)
	at org.testng.SuiteRunnerWorker.run(SuiteRunnerWorker.java:86)
	at org.testng.TestNG.runSuitesSequentially(TestNG.java:1191)
	at org.testng.TestNG.runSuitesLocally(TestNG.java:1116)
	at org.testng.TestNG.run(TestNG.java:1024)
	at org.testng.remote.RemoteTestNG.run(RemoteTestNG.java:112)
	at org.testng.remote.RemoteTestNG.initAndRun(RemoteTestNG.java:205)
	at org.testng.remote.RemoteTestNG.main(RemoteTestNG.java:176)
Caused by: java.lang.ClassNotFoundException: org.openqa.selenium.WebDriver
	at java.net.URLClassLoader.findClass(Unknown Source)
	at java.lang.ClassLoader.loadClass(Unknown Source)
	at sun.misc.Launcher$AppClassLoader.loadClass(Unknown Source)
	at java.lang.ClassLoader.loadClass(Unknown Source)
	... 26 more
]]>
            </full-stacktrace>
          </exception> <!-- java.lang.NoClassDefFoundError -->
          <reporter-output>
          </reporter-output>
        </test-method> <!-- start -->
        <test-method status="SKIP" signature="devProjects()[pri:0, instance:com.test.TestCase.StatisticsReport.TC_DevProjects@11531931]" name="devProjects" duration-ms="0" started-at="2021-07-08T16:14:56Z" finished-at="2021-07-08T16:14:56Z">
          <reporter-output>
          </reporter-output>
        </test-method> <!-- devProjects -->
        <test-method status="SKIP" signature="end()[pri:0, instance:com.test.TestCase.StatisticsReport.TC_DevProjects@11531931]" name="end" is-config="true" duration-ms="0" started-at="2021-07-08T16:14:56Z" finished-at="2021-07-08T16:14:56Z">
          <reporter-output>
          </reporter-output>
        </test-method> <!-- end -->
      </class> <!-- com.test.TestCase.StatisticsReport.TC_DevProjects -->
      <class name="com.test.TestCase.StatisticsReport.TC_RevenueJoinFee">
        <test-method status="FAIL" signature="start()[pri:0, instance:com.test.TestCase.StatisticsReport.TC_RevenueJoinFee@7e0babb1]" name="start" is-config="true" duration-ms="0" started-at="2021-07-08T16:14:56Z" finished-at="2021-07-08T16:14:56Z">
          <exception class="java.lang.NoClassDefFoundError">
            <message>
              <![CDATA[org/openqa/selenium/WebDriver]]>
            </message>
            <full-stacktrace>
              <![CDATA[java.lang.NoClassDefFoundError: org/openqa/selenium/WebDriver
	at com.test.TestCase.LoginLogout.BaseTestCase.init(BaseTestCase.java:14)
	at com.test.TestCase.StatisticsReport.TC_RevenueJoinFee.start(TC_RevenueJoinFee.java:19)
	at sun.reflect.NativeMethodAccessorImpl.invoke0(Native Method)
	at sun.reflect.NativeMethodAccessorImpl.invoke(Unknown Source)
	at sun.reflect.DelegatingMethodAccessorImpl.invoke(Unknown Source)
	at java.lang.reflect.Method.invoke(Unknown Source)
	at org.testng.internal.MethodInvocationHelper.invokeMethod(MethodInvocationHelper.java:85)
	at org.testng.internal.Invoker.invokeConfigurationMethod(Invoker.java:510)
	at org.testng.internal.Invoker.invokeConfigurations(Invoker.java:211)
	at org.testng.internal.Invoker.invokeConfigurations(Invoker.java:138)
	at org.testng.internal.TestMethodWorker.invokeBeforeClassMethods(TestMethodWorker.java:170)
	at org.testng.internal.TestMethodWorker.run(TestMethodWorker.java:104)
	at org.testng.TestRunner.privateRun(TestRunner.java:774)
	at org.testng.TestRunner.run(TestRunner.java:624)
	at org.testng.SuiteRunner.runTest(SuiteRunner.java:359)
	at org.testng.SuiteRunner.runSequentially(SuiteRunner.java:354)
	at org.testng.SuiteRunner.privateRun(SuiteRunner.java:312)
	at org.testng.SuiteRunner.run(SuiteRunner.java:261)
	at org.testng.SuiteRunnerWorker.runSuite(SuiteRunnerWorker.java:52)
	at org.testng.SuiteRunnerWorker.run(SuiteRunnerWorker.java:86)
	at org.testng.TestNG.runSuitesSequentially(TestNG.java:1191)
	at org.testng.TestNG.runSuitesLocally(TestNG.java:1116)
	at org.testng.TestNG.run(TestNG.java:1024)
	at org.testng.remote.RemoteTestNG.run(RemoteTestNG.java:112)
	at org.testng.remote.RemoteTestNG.initAndRun(RemoteTestNG.java:205)
	at org.testng.remote.RemoteTestNG.main(RemoteTestNG.java:176)
Caused by: java.lang.ClassNotFoundException: org.openqa.selenium.WebDriver
	at java.net.URLClassLoader.findClass(Unknown Source)
	at java.lang.ClassLoader.loadClass(Unknown Source)
	at sun.misc.Launcher$AppClassLoader.loadClass(Unknown Source)
	at java.lang.ClassLoader.loadClass(Unknown Source)
	... 26 more
]]>
            </full-stacktrace>
          </exception> <!-- java.lang.NoClassDefFoundError -->
          <reporter-output>
          </reporter-output>
        </test-method> <!-- start -->
        <test-method status="SKIP" signature="end()[pri:0, instance:com.test.TestCase.StatisticsReport.TC_RevenueJoinFee@7e0babb1]" name="end" is-config="true" duration-ms="0" started-at="2021-07-08T16:14:56Z" finished-at="2021-07-08T16:14:56Z">
          <reporter-output>
          </reporter-output>
        </test-method> <!-- end -->
        <test-method status="SKIP" signature="RevenueJoinFee()[pri:0, instance:com.test.TestCase.StatisticsReport.TC_RevenueJoinFee@7e0babb1]" name="RevenueJoinFee" duration-ms="0" started-at="2021-07-08T16:14:56Z" finished-at="2021-07-08T16:14:56Z">
          <reporter-output>
          </reporter-output>
        </test-method> <!-- RevenueJoinFee -->
      </class> <!-- com.test.TestCase.StatisticsReport.TC_RevenueJoinFee -->
      <class name="com.test.TestCase.StatisticsReport.TC_DevSigned">
        <test-method status="FAIL" signature="start()[pri:0, instance:com.test.TestCase.StatisticsReport.TC_DevSigned@1fbc7afb]" name="start" is-config="true" duration-ms="0" started-at="2021-07-08T16:14:56Z" finished-at="2021-07-08T16:14:56Z">
          <exception class="java.lang.NoClassDefFoundError">
            <message>
              <![CDATA[org/openqa/selenium/WebDriver]]>
            </message>
            <full-stacktrace>
              <![CDATA[java.lang.NoClassDefFoundError: org/openqa/selenium/WebDriver
	at com.test.TestCase.LoginLogout.BaseTestCase.init(BaseTestCase.java:14)
	at com.test.TestCase.StatisticsReport.TC_DevSigned.start(TC_DevSigned.java:18)
	at sun.reflect.NativeMethodAccessorImpl.invoke0(Native Method)
	at sun.reflect.NativeMethodAccessorImpl.invoke(Unknown Source)
	at sun.reflect.DelegatingMethodAccessorImpl.invoke(Unknown Source)
	at java.lang.reflect.Method.invoke(Unknown Source)
	at org.testng.internal.MethodInvocationHelper.invokeMethod(MethodInvocationHelper.java:85)
	at org.testng.internal.Invoker.invokeConfigurationMethod(Invoker.java:510)
	at org.testng.internal.Invoker.invokeConfigurations(Invoker.java:211)
	at org.testng.internal.Invoker.invokeConfigurations(Invoker.java:138)
	at org.testng.internal.TestMethodWorker.invokeBeforeClassMethods(TestMethodWorker.java:170)
	at org.testng.internal.TestMethodWorker.run(TestMethodWorker.java:104)
	at org.testng.TestRunner.privateRun(TestRunner.java:774)
	at org.testng.TestRunner.run(TestRunner.java:624)
	at org.testng.SuiteRunner.runTest(SuiteRunner.java:359)
	at org.testng.SuiteRunner.runSequentially(SuiteRunner.java:354)
	at org.testng.SuiteRunner.privateRun(SuiteRunner.java:312)
	at org.testng.SuiteRunner.run(SuiteRunner.java:261)
	at org.testng.SuiteRunnerWorker.runSuite(SuiteRunnerWorker.java:52)
	at org.testng.SuiteRunnerWorker.run(SuiteRunnerWorker.java:86)
	at org.testng.TestNG.runSuitesSequentially(TestNG.java:1191)
	at org.testng.TestNG.runSuitesLocally(TestNG.java:1116)
	at org.testng.TestNG.run(TestNG.java:1024)
	at org.testng.remote.RemoteTestNG.run(RemoteTestNG.java:112)
	at org.testng.remote.RemoteTestNG.initAndRun(RemoteTestNG.java:205)
	at org.testng.remote.RemoteTestNG.main(RemoteTestNG.java:176)
Caused by: java.lang.ClassNotFoundException: org.openqa.selenium.WebDriver
	at java.net.URLClassLoader.findClass(Unknown Source)
	at java.lang.ClassLoader.loadClass(Unknown Source)
	at sun.misc.Launcher$AppClassLoader.loadClass(Unknown Source)
	at java.lang.ClassLoader.loadClass(Unknown Source)
	... 26 more
]]>
            </full-stacktrace>
          </exception> <!-- java.lang.NoClassDefFoundError -->
          <reporter-output>
          </reporter-output>
        </test-method> <!-- start -->
        <test-method status="SKIP" signature="devSigned()[pri:0, instance:com.test.TestCase.StatisticsReport.TC_DevSigned@1fbc7afb]" name="devSigned" duration-ms="0" started-at="2021-07-08T16:14:56Z" finished-at="2021-07-08T16:14:56Z">
          <reporter-output>
          </reporter-output>
        </test-method> <!-- devSigned -->
        <test-method status="SKIP" signature="end()[pri:0, instance:com.test.TestCase.StatisticsReport.TC_DevSigned@1fbc7afb]" name="end" is-config="true" duration-ms="0" started-at="2021-07-08T16:14:56Z" finished-at="2021-07-08T16:14:56Z">
          <reporter-output>
          </reporter-output>
        </test-method> <!-- end -->
      </class> <!-- com.test.TestCase.StatisticsReport.TC_DevSigned -->
      <class name="com.test.TestCase.StatisticsReport.TC_NumberOfStores">
        <test-method status="FAIL" signature="start()[pri:0, instance:com.test.TestCase.StatisticsReport.TC_NumberOfStores@4cdbe50f]" name="start" is-config="true" duration-ms="0" started-at="2021-07-08T16:14:56Z" finished-at="2021-07-08T16:14:56Z">
          <exception class="java.lang.NoClassDefFoundError">
            <message>
              <![CDATA[org/openqa/selenium/WebDriver]]>
            </message>
            <full-stacktrace>
              <![CDATA[java.lang.NoClassDefFoundError: org/openqa/selenium/WebDriver
	at com.test.TestCase.LoginLogout.BaseTestCase.init(BaseTestCase.java:14)
	at com.test.TestCase.StatisticsReport.TC_NumberOfStores.start(TC_NumberOfStores.java:19)
	at sun.reflect.NativeMethodAccessorImpl.invoke0(Native Method)
	at sun.reflect.NativeMethodAccessorImpl.invoke(Unknown Source)
	at sun.reflect.DelegatingMethodAccessorImpl.invoke(Unknown Source)
	at java.lang.reflect.Method.invoke(Unknown Source)
	at org.testng.internal.MethodInvocationHelper.invokeMethod(MethodInvocationHelper.java:85)
	at org.testng.internal.Invoker.invokeConfigurationMethod(Invoker.java:510)
	at org.testng.internal.Invoker.invokeConfigurations(Invoker.java:211)
	at org.testng.internal.Invoker.invokeConfigurations(Invoker.java:138)
	at org.testng.internal.TestMethodWorker.invokeBeforeClassMethods(TestMethodWorker.java:170)
	at org.testng.internal.TestMethodWorker.run(TestMethodWorker.java:104)
	at org.testng.TestRunner.privateRun(TestRunner.java:774)
	at org.testng.TestRunner.run(TestRunner.java:624)
	at org.testng.SuiteRunner.runTest(SuiteRunner.java:359)
	at org.testng.SuiteRunner.runSequentially(SuiteRunner.java:354)
	at org.testng.SuiteRunner.privateRun(SuiteRunner.java:312)
	at org.testng.SuiteRunner.run(SuiteRunner.java:261)
	at org.testng.SuiteRunnerWorker.runSuite(SuiteRunnerWorker.java:52)
	at org.testng.SuiteRunnerWorker.run(SuiteRunnerWorker.java:86)
	at org.testng.TestNG.runSuitesSequentially(TestNG.java:1191)
	at org.testng.TestNG.runSuitesLocally(TestNG.java:1116)
	at org.testng.TestNG.run(TestNG.java:1024)
	at org.testng.remote.RemoteTestNG.run(RemoteTestNG.java:112)
	at org.testng.remote.RemoteTestNG.initAndRun(RemoteTestNG.java:205)
	at org.testng.remote.RemoteTestNG.main(RemoteTestNG.java:176)
Caused by: java.lang.ClassNotFoundException: org.openqa.selenium.WebDriver
	at java.net.URLClassLoader.findClass(Unknown Source)
	at java.lang.ClassLoader.loadClass(Unknown Source)
	at sun.misc.Launcher$AppClassLoader.loadClass(Unknown Source)
	at java.lang.ClassLoader.loadClass(Unknown Source)
	... 26 more
]]>
            </full-stacktrace>
          </exception> <!-- java.lang.NoClassDefFoundError -->
          <reporter-output>
          </reporter-output>
        </test-method> <!-- start -->
        <test-method status="SKIP" signature="end()[pri:0, instance:com.test.TestCase.StatisticsReport.TC_NumberOfStores@4cdbe50f]" name="end" is-config="true" duration-ms="0" started-at="2021-07-08T16:14:56Z" finished-at="2021-07-08T16:14:56Z">
          <reporter-output>
          </reporter-output>
        </test-method> <!-- end -->
        <test-method status="SKIP" signature="numberOfStores()[pri:0, instance:com.test.TestCase.StatisticsReport.TC_NumberOfStores@4cdbe50f]" name="numberOfStores" duration-ms="0" started-at="2021-07-08T16:14:56Z" finished-at="2021-07-08T16:14:56Z">
          <reporter-output>
          </reporter-output>
        </test-method> <!-- numberOfStores -->
      </class> <!-- com.test.TestCase.StatisticsReport.TC_NumberOfStores -->
      <class name="com.test.TestCase.StatisticsReport.TC_UnfiledStats">
        <test-method status="FAIL" signature="start()[pri:0, instance:com.test.TestCase.StatisticsReport.TC_UnfiledStats@5ba23b66]" name="start" is-config="true" duration-ms="0" started-at="2021-07-08T16:14:56Z" finished-at="2021-07-08T16:14:56Z">
          <exception class="java.lang.NoClassDefFoundError">
            <message>
              <![CDATA[org/openqa/selenium/WebDriver]]>
            </message>
            <full-stacktrace>
              <![CDATA[java.lang.NoClassDefFoundError: org/openqa/selenium/WebDriver
	at com.test.TestCase.LoginLogout.BaseTestCase.init(BaseTestCase.java:14)
	at com.test.TestCase.StatisticsReport.TC_UnfiledStats.start(TC_UnfiledStats.java:19)
	at sun.reflect.NativeMethodAccessorImpl.invoke0(Native Method)
	at sun.reflect.NativeMethodAccessorImpl.invoke(Unknown Source)
	at sun.reflect.DelegatingMethodAccessorImpl.invoke(Unknown Source)
	at java.lang.reflect.Method.invoke(Unknown Source)
	at org.testng.internal.MethodInvocationHelper.invokeMethod(MethodInvocationHelper.java:85)
	at org.testng.internal.Invoker.invokeConfigurationMethod(Invoker.java:510)
	at org.testng.internal.Invoker.invokeConfigurations(Invoker.java:211)
	at org.testng.internal.Invoker.invokeConfigurations(Invoker.java:138)
	at org.testng.internal.TestMethodWorker.invokeBeforeClassMethods(TestMethodWorker.java:170)
	at org.testng.internal.TestMethodWorker.run(TestMethodWorker.java:104)
	at org.testng.TestRunner.privateRun(TestRunner.java:774)
	at org.testng.TestRunner.run(TestRunner.java:624)
	at org.testng.SuiteRunner.runTest(SuiteRunner.java:359)
	at org.testng.SuiteRunner.runSequentially(SuiteRunner.java:354)
	at org.testng.SuiteRunner.privateRun(SuiteRunner.java:312)
	at org.testng.SuiteRunner.run(SuiteRunner.java:261)
	at org.testng.SuiteRunnerWorker.runSuite(SuiteRunnerWorker.java:52)
	at org.testng.SuiteRunnerWorker.run(SuiteRunnerWorker.java:86)
	at org.testng.TestNG.runSuitesSequentially(TestNG.java:1191)
	at org.testng.TestNG.runSuitesLocally(TestNG.java:1116)
	at org.testng.TestNG.run(TestNG.java:1024)
	at org.testng.remote.RemoteTestNG.run(RemoteTestNG.java:112)
	at org.testng.remote.RemoteTestNG.initAndRun(RemoteTestNG.java:205)
	at org.testng.remote.RemoteTestNG.main(RemoteTestNG.java:176)
Caused by: java.lang.ClassNotFoundException: org.openqa.selenium.WebDriver
	at java.net.URLClassLoader.findClass(Unknown Source)
	at java.lang.ClassLoader.loadClass(Unknown Source)
	at sun.misc.Launcher$AppClassLoader.loadClass(Unknown Source)
	at java.lang.ClassLoader.loadClass(Unknown Source)
	... 26 more
]]>
            </full-stacktrace>
          </exception> <!-- java.lang.NoClassDefFoundError -->
          <reporter-output>
          </reporter-output>
        </test-method> <!-- start -->
        <test-method status="SKIP" signature="unfiledStats()[pri:0, instance:com.test.TestCase.StatisticsReport.TC_UnfiledStats@5ba23b66]" name="unfiledStats" duration-ms="0" started-at="2021-07-08T16:14:56Z" finished-at="2021-07-08T16:14:56Z">
          <reporter-output>
          </reporter-output>
        </test-method> <!-- unfiledStats -->
        <test-method status="SKIP" signature="end()[pri:0, instance:com.test.TestCase.StatisticsReport.TC_UnfiledStats@5ba23b66]" name="end" is-config="true" duration-ms="0" started-at="2021-07-08T16:14:56Z" finished-at="2021-07-08T16:14:56Z">
          <reporter-output>
          </reporter-output>
        </test-method> <!-- end -->
      </class> <!-- com.test.TestCase.StatisticsReport.TC_UnfiledStats -->
      <class name="com.test.TestCase.StatisticsReport.TC_AppUsageStats">
        <test-method status="FAIL" signature="start()[pri:0, instance:com.test.TestCase.StatisticsReport.TC_AppUsageStats@71c7db30]" name="start" is-config="true" duration-ms="0" started-at="2021-07-08T16:14:56Z" finished-at="2021-07-08T16:14:56Z">
          <exception class="java.lang.NoClassDefFoundError">
            <message>
              <![CDATA[org/openqa/selenium/WebDriver]]>
            </message>
            <full-stacktrace>
              <![CDATA[java.lang.NoClassDefFoundError: org/openqa/selenium/WebDriver
	at com.test.TestCase.LoginLogout.BaseTestCase.init(BaseTestCase.java:14)
	at com.test.TestCase.StatisticsReport.TC_AppUsageStats.start(TC_AppUsageStats.java:19)
	at sun.reflect.NativeMethodAccessorImpl.invoke0(Native Method)
	at sun.reflect.NativeMethodAccessorImpl.invoke(Unknown Source)
	at sun.reflect.DelegatingMethodAccessorImpl.invoke(Unknown Source)
	at java.lang.reflect.Method.invoke(Unknown Source)
	at org.testng.internal.MethodInvocationHelper.invokeMethod(MethodInvocationHelper.java:85)
	at org.testng.internal.Invoker.invokeConfigurationMethod(Invoker.java:510)
	at org.testng.internal.Invoker.invokeConfigurations(Invoker.java:211)
	at org.testng.internal.Invoker.invokeConfigurations(Invoker.java:138)
	at org.testng.internal.TestMethodWorker.invokeBeforeClassMethods(TestMethodWorker.java:170)
	at org.testng.internal.TestMethodWorker.run(TestMethodWorker.java:104)
	at org.testng.TestRunner.privateRun(TestRunner.java:774)
	at org.testng.TestRunner.run(TestRunner.java:624)
	at org.testng.SuiteRunner.runTest(SuiteRunner.java:359)
	at org.testng.SuiteRunner.runSequentially(SuiteRunner.java:354)
	at org.testng.SuiteRunner.privateRun(SuiteRunner.java:312)
	at org.testng.SuiteRunner.run(SuiteRunner.java:261)
	at org.testng.SuiteRunnerWorker.runSuite(SuiteRunnerWorker.java:52)
	at org.testng.SuiteRunnerWorker.run(SuiteRunnerWorker.java:86)
	at org.testng.TestNG.runSuitesSequentially(TestNG.java:1191)
	at org.testng.TestNG.runSuitesLocally(TestNG.java:1116)
	at org.testng.TestNG.run(TestNG.java:1024)
	at org.testng.remote.RemoteTestNG.run(RemoteTestNG.java:112)
	at org.testng.remote.RemoteTestNG.initAndRun(RemoteTestNG.java:205)
	at org.testng.remote.RemoteTestNG.main(RemoteTestNG.java:176)
Caused by: java.lang.ClassNotFoundException: org.openqa.selenium.WebDriver
	at java.net.URLClassLoader.findClass(Unknown Source)
	at java.lang.ClassLoader.loadClass(Unknown Source)
	at sun.misc.Launcher$AppClassLoader.loadClass(Unknown Source)
	at java.lang.ClassLoader.loadClass(Unknown Source)
	... 26 more
]]>
            </full-stacktrace>
          </exception> <!-- java.lang.NoClassDefFoundError -->
          <reporter-output>
          </reporter-output>
        </test-method> <!-- start -->
        <test-method status="SKIP" signature="appUsageStats()[pri:0, instance:com.test.TestCase.StatisticsReport.TC_AppUsageStats@71c7db30]" name="appUsageStats" duration-ms="1" started-at="2021-07-08T16:14:56Z" finished-at="2021-07-08T16:14:56Z">
          <reporter-output>
          </reporter-output>
        </test-method> <!-- appUsageStats -->
        <test-method status="SKIP" signature="end()[pri:0, instance:com.test.TestCase.StatisticsReport.TC_AppUsageStats@71c7db30]" name="end" is-config="true" duration-ms="0" started-at="2021-07-08T16:14:56Z" finished-at="2021-07-08T16:14:56Z">
          <reporter-output>
          </reporter-output>
        </test-method> <!-- end -->
      </class> <!-- com.test.TestCase.StatisticsReport.TC_AppUsageStats -->
    </test> <!-- StatisticsReport -->
    <test name="ResourceMgmt" duration-ms="7" started-at="2021-07-08T08:14:56Z" finished-at="2021-07-08T08:14:56Z">
      <class name="com.test.TestCase.ResourceMgmt.TC_DestributionStats">
        <test-method status="FAIL" signature="start()[pri:0, instance:com.test.TestCase.ResourceMgmt.TC_DestributionStats@1b0375b3]" name="start" is-config="true" duration-ms="0" started-at="2021-07-08T16:14:56Z" finished-at="2021-07-08T16:14:56Z">
          <exception class="java.lang.NoClassDefFoundError">
            <message>
              <![CDATA[org/openqa/selenium/WebDriver]]>
            </message>
            <full-stacktrace>
              <![CDATA[java.lang.NoClassDefFoundError: org/openqa/selenium/WebDriver
	at com.test.TestCase.LoginLogout.BaseTestCase.init(BaseTestCase.java:14)
	at com.test.TestCase.ResourceMgmt.TC_DestributionStats.start(TC_DestributionStats.java:19)
	at sun.reflect.NativeMethodAccessorImpl.invoke0(Native Method)
	at sun.reflect.NativeMethodAccessorImpl.invoke(Unknown Source)
	at sun.reflect.DelegatingMethodAccessorImpl.invoke(Unknown Source)
	at java.lang.reflect.Method.invoke(Unknown Source)
	at org.testng.internal.MethodInvocationHelper.invokeMethod(MethodInvocationHelper.java:85)
	at org.testng.internal.Invoker.invokeConfigurationMethod(Invoker.java:510)
	at org.testng.internal.Invoker.invokeConfigurations(Invoker.java:211)
	at org.testng.internal.Invoker.invokeConfigurations(Invoker.java:138)
	at org.testng.internal.TestMethodWorker.invokeBeforeClassMethods(TestMethodWorker.java:170)
	at org.testng.internal.TestMethodWorker.run(TestMethodWorker.java:104)
	at org.testng.TestRunner.privateRun(TestRunner.java:774)
	at org.testng.TestRunner.run(TestRunner.java:624)
	at org.testng.SuiteRunner.runTest(SuiteRunner.java:359)
	at org.testng.SuiteRunner.runSequentially(SuiteRunner.java:354)
	at org.testng.SuiteRunner.privateRun(SuiteRunner.java:312)
	at org.testng.SuiteRunner.run(SuiteRunner.java:261)
	at org.testng.SuiteRunnerWorker.runSuite(SuiteRunnerWorker.java:52)
	at org.testng.SuiteRunnerWorker.run(SuiteRunnerWorker.java:86)
	at org.testng.TestNG.runSuitesSequentially(TestNG.java:1191)
	at org.testng.TestNG.runSuitesLocally(TestNG.java:1116)
	at org.testng.TestNG.run(TestNG.java:1024)
	at org.testng.remote.RemoteTestNG.run(RemoteTestNG.java:112)
	at org.testng.remote.RemoteTestNG.initAndRun(RemoteTestNG.java:205)
	at org.testng.remote.RemoteTestNG.main(RemoteTestNG.java:176)
Caused by: java.lang.ClassNotFoundException: org.openqa.selenium.WebDriver
	at java.net.URLClassLoader.findClass(Unknown Source)
	at java.lang.ClassLoader.loadClass(Unknown Source)
	at sun.misc.Launcher$AppClassLoader.loadClass(Unknown Source)
	at java.lang.ClassLoader.loadClass(Unknown Source)
	... 26 more
]]>
            </full-stacktrace>
          </exception> <!-- java.lang.NoClassDefFoundError -->
          <reporter-output>
          </reporter-output>
        </test-method> <!-- start -->
        <test-method status="SKIP" signature="destributionStats()[pri:0, instance:com.test.TestCase.ResourceMgmt.TC_DestributionStats@1b0375b3]" name="destributionStats" duration-ms="0" started-at="2021-07-08T16:14:56Z" finished-at="2021-07-08T16:14:56Z">
          <reporter-output>
          </reporter-output>
        </test-method> <!-- destributionStats -->
        <test-method status="SKIP" signature="end()[pri:0, instance:com.test.TestCase.ResourceMgmt.TC_DestributionStats@1b0375b3]" name="end" is-config="true" duration-ms="0" started-at="2021-07-08T16:14:56Z" finished-at="2021-07-08T16:14:56Z">
          <reporter-output>
          </reporter-output>
        </test-method> <!-- end -->
      </class> <!-- com.test.TestCase.ResourceMgmt.TC_DestributionStats -->
      <class name="com.test.TestCase.ResourceMgmt.TC_ResourceTransfer">
        <test-method status="FAIL" signature="start()[pri:0, instance:com.test.TestCase.ResourceMgmt.TC_ResourceTransfer@2f7c7260]" name="start" is-config="true" duration-ms="0" started-at="2021-07-08T16:14:56Z" finished-at="2021-07-08T16:14:56Z">
          <exception class="java.lang.NoClassDefFoundError">
            <message>
              <![CDATA[org/openqa/selenium/WebDriver]]>
            </message>
            <full-stacktrace>
              <![CDATA[java.lang.NoClassDefFoundError: org/openqa/selenium/WebDriver
	at com.test.TestCase.LoginLogout.BaseTestCase.init(BaseTestCase.java:14)
	at com.test.TestCase.ResourceMgmt.TC_ResourceTransfer.start(TC_ResourceTransfer.java:19)
	at sun.reflect.NativeMethodAccessorImpl.invoke0(Native Method)
	at sun.reflect.NativeMethodAccessorImpl.invoke(Unknown Source)
	at sun.reflect.DelegatingMethodAccessorImpl.invoke(Unknown Source)
	at java.lang.reflect.Method.invoke(Unknown Source)
	at org.testng.internal.MethodInvocationHelper.invokeMethod(MethodInvocationHelper.java:85)
	at org.testng.internal.Invoker.invokeConfigurationMethod(Invoker.java:510)
	at org.testng.internal.Invoker.invokeConfigurations(Invoker.java:211)
	at org.testng.internal.Invoker.invokeConfigurations(Invoker.java:138)
	at org.testng.internal.TestMethodWorker.invokeBeforeClassMethods(TestMethodWorker.java:170)
	at org.testng.internal.TestMethodWorker.run(TestMethodWorker.java:104)
	at org.testng.TestRunner.privateRun(TestRunner.java:774)
	at org.testng.TestRunner.run(TestRunner.java:624)
	at org.testng.SuiteRunner.runTest(SuiteRunner.java:359)
	at org.testng.SuiteRunner.runSequentially(SuiteRunner.java:354)
	at org.testng.SuiteRunner.privateRun(SuiteRunner.java:312)
	at org.testng.SuiteRunner.run(SuiteRunner.java:261)
	at org.testng.SuiteRunnerWorker.runSuite(SuiteRunnerWorker.java:52)
	at org.testng.SuiteRunnerWorker.run(SuiteRunnerWorker.java:86)
	at org.testng.TestNG.runSuitesSequentially(TestNG.java:1191)
	at org.testng.TestNG.runSuitesLocally(TestNG.java:1116)
	at org.testng.TestNG.run(TestNG.java:1024)
	at org.testng.remote.RemoteTestNG.run(RemoteTestNG.java:112)
	at org.testng.remote.RemoteTestNG.initAndRun(RemoteTestNG.java:205)
	at org.testng.remote.RemoteTestNG.main(RemoteTestNG.java:176)
Caused by: java.lang.ClassNotFoundException: org.openqa.selenium.WebDriver
	at java.net.URLClassLoader.findClass(Unknown Source)
	at java.lang.ClassLoader.loadClass(Unknown Source)
	at sun.misc.Launcher$AppClassLoader.loadClass(Unknown Source)
	at java.lang.ClassLoader.loadClass(Unknown Source)
	... 26 more
]]>
            </full-stacktrace>
          </exception> <!-- java.lang.NoClassDefFoundError -->
          <reporter-output>
          </reporter-output>
        </test-method> <!-- start -->
        <test-method status="SKIP" signature="end()[pri:0, instance:com.test.TestCase.ResourceMgmt.TC_ResourceTransfer@2f7c7260]" name="end" is-config="true" duration-ms="0" started-at="2021-07-08T16:14:56Z" finished-at="2021-07-08T16:14:56Z">
          <reporter-output>
          </reporter-output>
        </test-method> <!-- end -->
        <test-method status="SKIP" signature="resourceTransfer()[pri:0, instance:com.test.TestCase.ResourceMgmt.TC_ResourceTransfer@2f7c7260]" name="resourceTransfer" duration-ms="0" started-at="2021-07-08T16:14:56Z" finished-at="2021-07-08T16:14:56Z">
          <reporter-output>
          </reporter-output>
        </test-method> <!-- resourceTransfer -->
      </class> <!-- com.test.TestCase.ResourceMgmt.TC_ResourceTransfer -->
      <class name="com.test.TestCase.ResourceMgmt.TC_HotlineResource">
        <test-method status="SKIP" signature="hotlineResource()[pri:0, instance:com.test.TestCase.ResourceMgmt.TC_HotlineResource@129a8472]" name="hotlineResource" duration-ms="1" started-at="2021-07-08T16:14:56Z" finished-at="2021-07-08T16:14:56Z">
          <reporter-output>
          </reporter-output>
        </test-method> <!-- hotlineResource -->
        <test-method status="FAIL" signature="start()[pri:0, instance:com.test.TestCase.ResourceMgmt.TC_HotlineResource@129a8472]" name="start" is-config="true" duration-ms="0" started-at="2021-07-08T16:14:56Z" finished-at="2021-07-08T16:14:56Z">
          <exception class="java.lang.NoClassDefFoundError">
            <message>
              <![CDATA[org/openqa/selenium/WebDriver]]>
            </message>
            <full-stacktrace>
              <![CDATA[java.lang.NoClassDefFoundError: org/openqa/selenium/WebDriver
	at com.test.TestCase.LoginLogout.BaseTestCase.init(BaseTestCase.java:14)
	at com.test.TestCase.ResourceMgmt.TC_HotlineResource.start(TC_HotlineResource.java:19)
	at sun.reflect.NativeMethodAccessorImpl.invoke0(Native Method)
	at sun.reflect.NativeMethodAccessorImpl.invoke(Unknown Source)
	at sun.reflect.DelegatingMethodAccessorImpl.invoke(Unknown Source)
	at java.lang.reflect.Method.invoke(Unknown Source)
	at org.testng.internal.MethodInvocationHelper.invokeMethod(MethodInvocationHelper.java:85)
	at org.testng.internal.Invoker.invokeConfigurationMethod(Invoker.java:510)
	at org.testng.internal.Invoker.invokeConfigurations(Invoker.java:211)
	at org.testng.internal.Invoker.invokeConfigurations(Invoker.java:138)
	at org.testng.internal.TestMethodWorker.invokeBeforeClassMethods(TestMethodWorker.java:170)
	at org.testng.internal.TestMethodWorker.run(TestMethodWorker.java:104)
	at org.testng.TestRunner.privateRun(TestRunner.java:774)
	at org.testng.TestRunner.run(TestRunner.java:624)
	at org.testng.SuiteRunner.runTest(SuiteRunner.java:359)
	at org.testng.SuiteRunner.runSequentially(SuiteRunner.java:354)
	at org.testng.SuiteRunner.privateRun(SuiteRunner.java:312)
	at org.testng.SuiteRunner.run(SuiteRunner.java:261)
	at org.testng.SuiteRunnerWorker.runSuite(SuiteRunnerWorker.java:52)
	at org.testng.SuiteRunnerWorker.run(SuiteRunnerWorker.java:86)
	at org.testng.TestNG.runSuitesSequentially(TestNG.java:1191)
	at org.testng.TestNG.runSuitesLocally(TestNG.java:1116)
	at org.testng.TestNG.run(TestNG.java:1024)
	at org.testng.remote.RemoteTestNG.run(RemoteTestNG.java:112)
	at org.testng.remote.RemoteTestNG.initAndRun(RemoteTestNG.java:205)
	at org.testng.remote.RemoteTestNG.main(RemoteTestNG.java:176)
Caused by: java.lang.ClassNotFoundException: org.openqa.selenium.WebDriver
	at java.net.URLClassLoader.findClass(Unknown Source)
	at java.lang.ClassLoader.loadClass(Unknown Source)
	at sun.misc.Launcher$AppClassLoader.loadClass(Unknown Source)
	at java.lang.ClassLoader.loadClass(Unknown Source)
	... 26 more
]]>
            </full-stacktrace>
          </exception> <!-- java.lang.NoClassDefFoundError -->
          <reporter-output>
          </reporter-output>
        </test-method> <!-- start -->
        <test-method status="SKIP" signature="end()[pri:0, instance:com.test.TestCase.ResourceMgmt.TC_HotlineResource@129a8472]" name="end" is-config="true" duration-ms="0" started-at="2021-07-08T16:14:56Z" finished-at="2021-07-08T16:14:56Z">
          <reporter-output>
          </reporter-output>
        </test-method> <!-- end -->
      </class> <!-- com.test.TestCase.ResourceMgmt.TC_HotlineResource -->
      <class name="com.test.TestCase.ResourceMgmt.TC_HotlineFeedback">
        <test-method status="SKIP" signature="hotlineFeedback()[pri:0, instance:com.test.TestCase.ResourceMgmt.TC_HotlineFeedback@2d209079]" name="hotlineFeedback" duration-ms="1" started-at="2021-07-08T16:14:56Z" finished-at="2021-07-08T16:14:56Z">
          <reporter-output>
          </reporter-output>
        </test-method> <!-- hotlineFeedback -->
        <test-method status="FAIL" signature="start()[pri:0, instance:com.test.TestCase.ResourceMgmt.TC_HotlineFeedback@2d209079]" name="start" is-config="true" duration-ms="0" started-at="2021-07-08T16:14:56Z" finished-at="2021-07-08T16:14:56Z">
          <exception class="java.lang.NoClassDefFoundError">
            <message>
              <![CDATA[org/openqa/selenium/WebDriver]]>
            </message>
            <full-stacktrace>
              <![CDATA[java.lang.NoClassDefFoundError: org/openqa/selenium/WebDriver
	at com.test.TestCase.LoginLogout.BaseTestCase.init(BaseTestCase.java:14)
	at com.test.TestCase.ResourceMgmt.TC_HotlineFeedback.start(TC_HotlineFeedback.java:19)
	at sun.reflect.NativeMethodAccessorImpl.invoke0(Native Method)
	at sun.reflect.NativeMethodAccessorImpl.invoke(Unknown Source)
	at sun.reflect.DelegatingMethodAccessorImpl.invoke(Unknown Source)
	at java.lang.reflect.Method.invoke(Unknown Source)
	at org.testng.internal.MethodInvocationHelper.invokeMethod(MethodInvocationHelper.java:85)
	at org.testng.internal.Invoker.invokeConfigurationMethod(Invoker.java:510)
	at org.testng.internal.Invoker.invokeConfigurations(Invoker.java:211)
	at org.testng.internal.Invoker.invokeConfigurations(Invoker.java:138)
	at org.testng.internal.TestMethodWorker.invokeBeforeClassMethods(TestMethodWorker.java:170)
	at org.testng.internal.TestMethodWorker.run(TestMethodWorker.java:104)
	at org.testng.TestRunner.privateRun(TestRunner.java:774)
	at org.testng.TestRunner.run(TestRunner.java:624)
	at org.testng.SuiteRunner.runTest(SuiteRunner.java:359)
	at org.testng.SuiteRunner.runSequentially(SuiteRunner.java:354)
	at org.testng.SuiteRunner.privateRun(SuiteRunner.java:312)
	at org.testng.SuiteRunner.run(SuiteRunner.java:261)
	at org.testng.SuiteRunnerWorker.runSuite(SuiteRunnerWorker.java:52)
	at org.testng.SuiteRunnerWorker.run(SuiteRunnerWorker.java:86)
	at org.testng.TestNG.runSuitesSequentially(TestNG.java:1191)
	at org.testng.TestNG.runSuitesLocally(TestNG.java:1116)
	at org.testng.TestNG.run(TestNG.java:1024)
	at org.testng.remote.RemoteTestNG.run(RemoteTestNG.java:112)
	at org.testng.remote.RemoteTestNG.initAndRun(RemoteTestNG.java:205)
	at org.testng.remote.RemoteTestNG.main(RemoteTestNG.java:176)
Caused by: java.lang.ClassNotFoundException: org.openqa.selenium.WebDriver
	at java.net.URLClassLoader.findClass(Unknown Source)
	at java.lang.ClassLoader.loadClass(Unknown Source)
	at sun.misc.Launcher$AppClassLoader.loadClass(Unknown Source)
	at java.lang.ClassLoader.loadClass(Unknown Source)
	... 26 more
]]>
            </full-stacktrace>
          </exception> <!-- java.lang.NoClassDefFoundError -->
          <reporter-output>
          </reporter-output>
        </test-method> <!-- start -->
        <test-method status="SKIP" signature="end()[pri:0, instance:com.test.TestCase.ResourceMgmt.TC_HotlineFeedback@2d209079]" name="end" is-config="true" duration-ms="0" started-at="2021-07-08T16:14:56Z" finished-at="2021-07-08T16:14:56Z">
          <reporter-output>
          </reporter-output>
        </test-method> <!-- end -->
      </class> <!-- com.test.TestCase.ResourceMgmt.TC_HotlineFeedback -->
    </test> <!-- ResourceMgmt -->
    <test name="DevelopmentMgmt" duration-ms="15" started-at="2021-07-08T08:14:56Z" finished-at="2021-07-08T08:14:56Z">
      <class name="com.test.TestCase.DevelopmentMgmt.TC_Contract">
        <test-method status="FAIL" signature="start()[pri:0, instance:com.test.TestCase.DevelopmentMgmt.TC_Contract@1e643faf]" name="start" is-config="true" duration-ms="0" started-at="2021-07-08T16:14:56Z" finished-at="2021-07-08T16:14:56Z">
          <exception class="java.lang.NoClassDefFoundError">
            <message>
              <![CDATA[org/openqa/selenium/WebDriver]]>
            </message>
            <full-stacktrace>
              <![CDATA[java.lang.NoClassDefFoundError: org/openqa/selenium/WebDriver
	at com.test.TestCase.LoginLogout.BaseTestCase.init(BaseTestCase.java:14)
	at com.test.TestCase.DevelopmentMgmt.TC_Contract.start(TC_Contract.java:19)
	at sun.reflect.NativeMethodAccessorImpl.invoke0(Native Method)
	at sun.reflect.NativeMethodAccessorImpl.invoke(Unknown Source)
	at sun.reflect.DelegatingMethodAccessorImpl.invoke(Unknown Source)
	at java.lang.reflect.Method.invoke(Unknown Source)
	at org.testng.internal.MethodInvocationHelper.invokeMethod(MethodInvocationHelper.java:85)
	at org.testng.internal.Invoker.invokeConfigurationMethod(Invoker.java:510)
	at org.testng.internal.Invoker.invokeConfigurations(Invoker.java:211)
	at org.testng.internal.Invoker.invokeConfigurations(Invoker.java:138)
	at org.testng.internal.TestMethodWorker.invokeBeforeClassMethods(TestMethodWorker.java:170)
	at org.testng.internal.TestMethodWorker.run(TestMethodWorker.java:104)
	at org.testng.TestRunner.privateRun(TestRunner.java:774)
	at org.testng.TestRunner.run(TestRunner.java:624)
	at org.testng.SuiteRunner.runTest(SuiteRunner.java:359)
	at org.testng.SuiteRunner.runSequentially(SuiteRunner.java:354)
	at org.testng.SuiteRunner.privateRun(SuiteRunner.java:312)
	at org.testng.SuiteRunner.run(SuiteRunner.java:261)
	at org.testng.SuiteRunnerWorker.runSuite(SuiteRunnerWorker.java:52)
	at org.testng.SuiteRunnerWorker.run(SuiteRunnerWorker.java:86)
	at org.testng.TestNG.runSuitesSequentially(TestNG.java:1191)
	at org.testng.TestNG.runSuitesLocally(TestNG.java:1116)
	at org.testng.TestNG.run(TestNG.java:1024)
	at org.testng.remote.RemoteTestNG.run(RemoteTestNG.java:112)
	at org.testng.remote.RemoteTestNG.initAndRun(RemoteTestNG.java:205)
	at org.testng.remote.RemoteTestNG.main(RemoteTestNG.java:176)
Caused by: java.lang.ClassNotFoundException: org.openqa.selenium.WebDriver
	at java.net.URLClassLoader.findClass(Unknown Source)
	at java.lang.ClassLoader.loadClass(Unknown Source)
	at sun.misc.Launcher$AppClassLoader.loadClass(Unknown Source)
	at java.lang.ClassLoader.loadClass(Unknown Source)
	... 26 more
]]>
            </full-stacktrace>
          </exception> <!-- java.lang.NoClassDefFoundError -->
          <reporter-output>
          </reporter-output>
        </test-method> <!-- start -->
        <test-method status="SKIP" signature="contract()[pri:0, instance:com.test.TestCase.DevelopmentMgmt.TC_Contract@1e643faf]" name="contract" duration-ms="0" started-at="2021-07-08T16:14:56Z" finished-at="2021-07-08T16:14:56Z">
          <reporter-output>
          </reporter-output>
        </test-method> <!-- contract -->
        <test-method status="SKIP" signature="end()[pri:0, instance:com.test.TestCase.DevelopmentMgmt.TC_Contract@1e643faf]" name="end" is-config="true" duration-ms="0" started-at="2021-07-08T16:14:56Z" finished-at="2021-07-08T16:14:56Z">
          <reporter-output>
          </reporter-output>
        </test-method> <!-- end -->
      </class> <!-- com.test.TestCase.DevelopmentMgmt.TC_Contract -->
      <class name="com.test.TestCase.DevelopmentMgmt.TC_ProjectSummary">
        <test-method status="FAIL" signature="start()[pri:0, instance:com.test.TestCase.DevelopmentMgmt.TC_ProjectSummary@34ce8af7]" name="start" is-config="true" duration-ms="0" started-at="2021-07-08T16:14:56Z" finished-at="2021-07-08T16:14:56Z">
          <exception class="java.lang.NoClassDefFoundError">
            <message>
              <![CDATA[org/openqa/selenium/WebDriver]]>
            </message>
            <full-stacktrace>
              <![CDATA[java.lang.NoClassDefFoundError: org/openqa/selenium/WebDriver
	at com.test.TestCase.LoginLogout.BaseTestCase.init(BaseTestCase.java:14)
	at com.test.TestCase.DevelopmentMgmt.TC_ProjectSummary.start(TC_ProjectSummary.java:19)
	at sun.reflect.NativeMethodAccessorImpl.invoke0(Native Method)
	at sun.reflect.NativeMethodAccessorImpl.invoke(Unknown Source)
	at sun.reflect.DelegatingMethodAccessorImpl.invoke(Unknown Source)
	at java.lang.reflect.Method.invoke(Unknown Source)
	at org.testng.internal.MethodInvocationHelper.invokeMethod(MethodInvocationHelper.java:85)
	at org.testng.internal.Invoker.invokeConfigurationMethod(Invoker.java:510)
	at org.testng.internal.Invoker.invokeConfigurations(Invoker.java:211)
	at org.testng.internal.Invoker.invokeConfigurations(Invoker.java:138)
	at org.testng.internal.TestMethodWorker.invokeBeforeClassMethods(TestMethodWorker.java:170)
	at org.testng.internal.TestMethodWorker.run(TestMethodWorker.java:104)
	at org.testng.TestRunner.privateRun(TestRunner.java:774)
	at org.testng.TestRunner.run(TestRunner.java:624)
	at org.testng.SuiteRunner.runTest(SuiteRunner.java:359)
	at org.testng.SuiteRunner.runSequentially(SuiteRunner.java:354)
	at org.testng.SuiteRunner.privateRun(SuiteRunner.java:312)
	at org.testng.SuiteRunner.run(SuiteRunner.java:261)
	at org.testng.SuiteRunnerWorker.runSuite(SuiteRunnerWorker.java:52)
	at org.testng.SuiteRunnerWorker.run(SuiteRunnerWorker.java:86)
	at org.testng.TestNG.runSuitesSequentially(TestNG.java:1191)
	at org.testng.TestNG.runSuitesLocally(TestNG.java:1116)
	at org.testng.TestNG.run(TestNG.java:1024)
	at org.testng.remote.RemoteTestNG.run(RemoteTestNG.java:112)
	at org.testng.remote.RemoteTestNG.initAndRun(RemoteTestNG.java:205)
	at org.testng.remote.RemoteTestNG.main(RemoteTestNG.java:176)
Caused by: java.lang.ClassNotFoundException: org.openqa.selenium.WebDriver
	at java.net.URLClassLoader.findClass(Unknown Source)
	at java.lang.ClassLoader.loadClass(Unknown Source)
	at sun.misc.Launcher$AppClassLoader.loadClass(Unknown Source)
	at java.lang.ClassLoader.loadClass(Unknown Source)
	... 26 more
]]>
            </full-stacktrace>
          </exception> <!-- java.lang.NoClassDefFoundError -->
          <reporter-output>
          </reporter-output>
        </test-method> <!-- start -->
        <test-method status="SKIP" signature="end()[pri:0, instance:com.test.TestCase.DevelopmentMgmt.TC_ProjectSummary@34ce8af7]" name="end" is-config="true" duration-ms="0" started-at="2021-07-08T16:14:56Z" finished-at="2021-07-08T16:14:56Z">
          <reporter-output>
          </reporter-output>
        </test-method> <!-- end -->
        <test-method status="SKIP" signature="projectSummary()[pri:0, instance:com.test.TestCase.DevelopmentMgmt.TC_ProjectSummary@34ce8af7]" name="projectSummary" duration-ms="0" started-at="2021-07-08T16:14:56Z" finished-at="2021-07-08T16:14:56Z">
          <reporter-output>
          </reporter-output>
        </test-method> <!-- projectSummary -->
      </class> <!-- com.test.TestCase.DevelopmentMgmt.TC_ProjectSummary -->
      <class name="com.test.TestCase.DevelopmentMgmt.TC_Receipts">
        <test-method status="FAIL" signature="start()[pri:0, instance:com.test.TestCase.DevelopmentMgmt.TC_Receipts@6e8dacdf]" name="start" is-config="true" duration-ms="0" started-at="2021-07-08T16:14:56Z" finished-at="2021-07-08T16:14:56Z">
          <exception class="java.lang.NoClassDefFoundError">
            <message>
              <![CDATA[org/openqa/selenium/WebDriver]]>
            </message>
            <full-stacktrace>
              <![CDATA[java.lang.NoClassDefFoundError: org/openqa/selenium/WebDriver
	at com.test.TestCase.LoginLogout.BaseTestCase.init(BaseTestCase.java:14)
	at com.test.TestCase.DevelopmentMgmt.TC_Receipts.start(TC_Receipts.java:19)
	at sun.reflect.NativeMethodAccessorImpl.invoke0(Native Method)
	at sun.reflect.NativeMethodAccessorImpl.invoke(Unknown Source)
	at sun.reflect.DelegatingMethodAccessorImpl.invoke(Unknown Source)
	at java.lang.reflect.Method.invoke(Unknown Source)
	at org.testng.internal.MethodInvocationHelper.invokeMethod(MethodInvocationHelper.java:85)
	at org.testng.internal.Invoker.invokeConfigurationMethod(Invoker.java:510)
	at org.testng.internal.Invoker.invokeConfigurations(Invoker.java:211)
	at org.testng.internal.Invoker.invokeConfigurations(Invoker.java:138)
	at org.testng.internal.TestMethodWorker.invokeBeforeClassMethods(TestMethodWorker.java:170)
	at org.testng.internal.TestMethodWorker.run(TestMethodWorker.java:104)
	at org.testng.TestRunner.privateRun(TestRunner.java:774)
	at org.testng.TestRunner.run(TestRunner.java:624)
	at org.testng.SuiteRunner.runTest(SuiteRunner.java:359)
	at org.testng.SuiteRunner.runSequentially(SuiteRunner.java:354)
	at org.testng.SuiteRunner.privateRun(SuiteRunner.java:312)
	at org.testng.SuiteRunner.run(SuiteRunner.java:261)
	at org.testng.SuiteRunnerWorker.runSuite(SuiteRunnerWorker.java:52)
	at org.testng.SuiteRunnerWorker.run(SuiteRunnerWorker.java:86)
	at org.testng.TestNG.runSuitesSequentially(TestNG.java:1191)
	at org.testng.TestNG.runSuitesLocally(TestNG.java:1116)
	at org.testng.TestNG.run(TestNG.java:1024)
	at org.testng.remote.RemoteTestNG.run(RemoteTestNG.java:112)
	at org.testng.remote.RemoteTestNG.initAndRun(RemoteTestNG.java:205)
	at org.testng.remote.RemoteTestNG.main(RemoteTestNG.java:176)
Caused by: java.lang.ClassNotFoundException: org.openqa.selenium.WebDriver
	at java.net.URLClassLoader.findClass(Unknown Source)
	at java.lang.ClassLoader.loadClass(Unknown Source)
	at sun.misc.Launcher$AppClassLoader.loadClass(Unknown Source)
	at java.lang.ClassLoader.loadClass(Unknown Source)
	... 26 more
]]>
            </full-stacktrace>
          </exception> <!-- java.lang.NoClassDefFoundError -->
          <reporter-output>
          </reporter-output>
        </test-method> <!-- start -->
        <test-method status="SKIP" signature="receipts()[pri:0, instance:com.test.TestCase.DevelopmentMgmt.TC_Receipts@6e8dacdf]" name="receipts" duration-ms="0" started-at="2021-07-08T16:14:56Z" finished-at="2021-07-08T16:14:56Z">
          <reporter-output>
          </reporter-output>
        </test-method> <!-- receipts -->
        <test-method status="SKIP" signature="end()[pri:0, instance:com.test.TestCase.DevelopmentMgmt.TC_Receipts@6e8dacdf]" name="end" is-config="true" duration-ms="0" started-at="2021-07-08T16:14:56Z" finished-at="2021-07-08T16:14:56Z">
          <reporter-output>
          </reporter-output>
        </test-method> <!-- end -->
      </class> <!-- com.test.TestCase.DevelopmentMgmt.TC_Receipts -->
      <class name="com.test.TestCase.DevelopmentMgmt.TC_Visit">
        <test-method status="FAIL" signature="start()[pri:0, instance:com.test.TestCase.DevelopmentMgmt.TC_Visit@3b6eb2ec]" name="start" is-config="true" duration-ms="0" started-at="2021-07-08T16:14:56Z" finished-at="2021-07-08T16:14:56Z">
          <exception class="java.lang.NoClassDefFoundError">
[...]
	at org.testng.internal.Invoker.invokeConfigurationMethod(Invoker.java:510)
	at org.testng.internal.Invoker.invokeConfigurations(Invoker.java:211)
	at org.testng.internal.Invoker.invokeConfigurations(Invoker.java:138)
	at org.testng.internal.TestMethodWorker.invokeBeforeClassMethods(TestMethodWorker.java:170)
	at org.testng.internal.TestMethodWorker.run(TestMethodWorker.java:104)
	at org.testng.TestRunner.privateRun(TestRunner.java:774)
	at org.testng.TestRunner.run(TestRunner.java:624)
	at org.testng.SuiteRunner.runTest(SuiteRunner.java:359)
	at org.testng.SuiteRunner.runSequentially(SuiteRunner.java:354)
	at org.testng.SuiteRunner.privateRun(SuiteRunner.java:312)
	at org.testng.SuiteRunner.run(SuiteRunner.java:261)
	at org.testng.SuiteRunnerWorker.runSuite(SuiteRunnerWorker.java:52)
	at org.testng.SuiteRunnerWorker.run(SuiteRunnerWorker.java:86)
	at org.testng.TestNG.runSuitesSequentially(TestNG.java:1191)
	at org.testng.TestNG.runSuitesLocally(TestNG.java:1116)
	at org.testng.TestNG.run(TestNG.java:1024)
	at org.testng.remote.RemoteTestNG.run(RemoteTestNG.java:112)
	at org.testng.remote.RemoteTestNG.initAndRun(RemoteTestNG.java:205)
	at org.testng.remote.RemoteTestNG.main(RemoteTestNG.java:176)
Caused by: java.lang.ClassNotFoundException: org.openqa.selenium.WebDriver
	at java.net.URLClassLoader.findClass(Unknown Source)
	at java.lang.ClassLoader.loadClass(Unknown Source)
	at sun.misc.Launcher$AppClassLoader.loadClass(Unknown Source)
	at java.lang.ClassLoader.loadClass(Unknown Source)
	... 26 more
]]>
            </full-stacktrace>
          </exception> <!-- java.lang.NoClassDefFoundError -->
          <reporter-output>
          </reporter-output>
        </test-method> <!-- start -->
        <test-method status="SKIP" signature="end()[pri:0, instance:com.test.TestCase.AccidentReport.TC_RecycleBin@1e67b872]" name="end" is-config="true" duration-ms="0" started-at="2021-07-08T16:14:56Z" finished-at="2021-07-08T16:14:56Z">
          <reporter-output>
          </reporter-output>
        </test-method> <!-- end -->
      </class> <!-- com.test.TestCase.AccidentReport.TC_RecycleBin -->
      <class name="com.test.TestCase.AccidentReport.TC_AccidentReport">
        <test-method status="SKIP" signature="accidentReport()[pri:0, instance:com.test.TestCase.AccidentReport.TC_AccidentReport@2ef9b8bc]" name="accidentReport" duration-ms="1" started-at="2021-07-08T16:14:56Z" finished-at="2021-07-08T16:14:56Z">
          <reporter-output>
          </reporter-output>
        </test-method> <!-- accidentReport -->
        <test-method status="FAIL" signature="start()[pri:0, instance:com.test.TestCase.AccidentReport.TC_AccidentReport@2ef9b8bc]" name="start" is-config="true" duration-ms="0" started-at="2021-07-08T16:14:56Z" finished-at="2021-07-08T16:14:56Z">
          <exception class="java.lang.NoClassDefFoundError">
            <message>
              <![CDATA[org/openqa/selenium/WebDriver]]>
            </message>
            <full-stacktrace>
              <![CDATA[java.lang.NoClassDefFoundError: org/openqa/selenium/WebDriver
	at com.test.TestCase.LoginLogout.BaseTestCase.init(BaseTestCase.java:14)
	at com.test.TestCase.AccidentReport.TC_AccidentReport.start(TC_AccidentReport.java:19)
	at sun.reflect.NativeMethodAccessorImpl.invoke0(Native Method)
	at sun.reflect.NativeMethodAccessorImpl.invoke(Unknown Source)
	at sun.reflect.DelegatingMethodAccessorImpl.invoke(Unknown Source)
	at java.lang.reflect.Method.invoke(Unknown Source)
	at org.testng.internal.MethodInvocationHelper.invokeMethod(MethodInvocationHelper.java:85)
	at org.testng.internal.Invoker.invokeConfigurationMethod(Invoker.java:510)
	at org.testng.internal.Invoker.invokeConfigurations(Invoker.java:211)
	at org.testng.internal.Invoker.invokeConfigurations(Invoker.java:138)
	at org.testng.internal.TestMethodWorker.invokeBeforeClassMethods(TestMethodWorker.java:170)
	at org.testng.internal.TestMethodWorker.run(TestMethodWorker.java:104)
	at org.testng.TestRunner.privateRun(TestRunner.java:774)
	at org.testng.TestRunner.run(TestRunner.java:624)
	at org.testng.SuiteRunner.runTest(SuiteRunner.java:359)
	at org.testng.SuiteRunner.runSequentially(SuiteRunner.java:354)
	at org.testng.SuiteRunner.privateRun(SuiteRunner.java:312)
	at org.testng.SuiteRunner.run(SuiteRunner.java:261)
	at org.testng.SuiteRunnerWorker.runSuite(SuiteRunnerWorker.java:52)
	at org.testng.SuiteRunnerWorker.run(SuiteRunnerWorker.java:86)
	at org.testng.TestNG.runSuitesSequentially(TestNG.java:1191)
	at org.testng.TestNG.runSuitesLocally(TestNG.java:1116)
	at org.testng.TestNG.run(TestNG.java:1024)
	at org.testng.remote.RemoteTestNG.run(RemoteTestNG.java:112)
	at org.testng.remote.RemoteTestNG.initAndRun(RemoteTestNG.java:205)
	at org.testng.remote.RemoteTestNG.main(RemoteTestNG.java:176)
Caused by: java.lang.ClassNotFoundException: org.openqa.selenium.WebDriver
	at java.net.URLClassLoader.findClass(Unknown Source)
	at java.lang.ClassLoader.loadClass(Unknown Source)
	at sun.misc.Launcher$AppClassLoader.loadClass(Unknown Source)
	at java.lang.ClassLoader.loadClass(Unknown Source)
	... 26 more
]]>
            </full-stacktrace>
          </exception> <!-- java.lang.NoClassDefFoundError -->
          <reporter-output>
          </reporter-output>
        </test-method> <!-- start -->
        <test-method status="SKIP" signature="end()[pri:0, instance:com.test.TestCase.AccidentReport.TC_AccidentReport@2ef9b8bc]" name="end" is-config="true" duration-ms="0" started-at="2021-07-08T16:14:56Z" finished-at="2021-07-08T16:14:56Z">
          <reporter-output>
          </reporter-output>
        </test-method> <!-- end -->
      </class> <!-- com.test.TestCase.AccidentReport.TC_AccidentReport -->
    </test> <!-- AccidentReport -->
    <test name="MoneyMgmt" duration-ms="4" started-at="2021-07-08T08:14:56Z" finished-at="2021-07-08T08:14:56Z">
      <class name="com.test.TestCase.MoneyMgmt.TC_BankAccount">
        <test-method status="FAIL" signature="start()[pri:0, instance:com.test.TestCase.MoneyMgmt.TC_BankAccount@327471b5]" name="start" is-config="true" duration-ms="0" started-at="2021-07-08T16:14:56Z" finished-at="2021-07-08T16:14:56Z">
          <exception class="java.lang.NoClassDefFoundError">
            <message>
              <![CDATA[org/openqa/selenium/WebDriver]]>
            </message>
            <full-stacktrace>
              <![CDATA[java.lang.NoClassDefFoundError: org/openqa/selenium/WebDriver
	at com.test.TestCase.LoginLogout.BaseTestCase.init(BaseTestCase.java:14)
	at com.test.TestCase.MoneyMgmt.TC_BankAccount.start(TC_BankAccount.java:20)
	at sun.reflect.NativeMethodAccessorImpl.invoke0(Native Method)
	at sun.reflect.NativeMethodAccessorImpl.invoke(Unknown Source)
	at sun.reflect.DelegatingMethodAccessorImpl.invoke(Unknown Source)
	at java.lang.reflect.Method.invoke(Unknown Source)
	at org.testng.internal.MethodInvocationHelper.invokeMethod(MethodInvocationHelper.java:85)
	at org.testng.internal.Invoker.invokeConfigurationMethod(Invoker.java:510)
	at org.testng.internal.Invoker.invokeConfigurations(Invoker.java:211)
	at org.testng.internal.Invoker.invokeConfigurations(Invoker.java:138)
	at org.testng.internal.TestMethodWorker.invokeBeforeClassMethods(TestMethodWorker.java:170)
	at org.testng.internal.TestMethodWorker.run(TestMethodWorker.java:104)
	at org.testng.TestRunner.privateRun(TestRunner.java:774)
	at org.testng.TestRunner.run(TestRunner.java:624)
	at org.testng.SuiteRunner.runTest(SuiteRunner.java:359)
	at org.testng.SuiteRunner.runSequentially(SuiteRunner.java:354)
	at org.testng.SuiteRunner.privateRun(SuiteRunner.java:312)
	at org.testng.SuiteRunner.run(SuiteRunner.java:261)
	at org.testng.SuiteRunnerWorker.runSuite(SuiteRunnerWorker.java:52)
	at org.testng.SuiteRunnerWorker.run(SuiteRunnerWorker.java:86)
	at org.testng.TestNG.runSuitesSequentially(TestNG.java:1191)
	at org.testng.TestNG.runSuitesLocally(TestNG.java:1116)
	at org.testng.TestNG.run(TestNG.java:1024)
	at org.testng.remote.RemoteTestNG.run(RemoteTestNG.java:112)
	at org.testng.remote.RemoteTestNG.initAndRun(RemoteTestNG.java:205)
	at org.testng.remote.RemoteTestNG.main(RemoteTestNG.java:176)
Caused by: java.lang.ClassNotFoundException: org.openqa.selenium.WebDriver
	at java.net.URLClassLoader.findClass(Unknown Source)
	at java.lang.ClassLoader.loadClass(Unknown Source)
	at sun.misc.Launcher$AppClassLoader.loadClass(Unknown Source)
	at java.lang.ClassLoader.loadClass(Unknown Source)
	... 26 more
]]>
            </full-stacktrace>
          </exception> <!-- java.lang.NoClassDefFoundError -->
          <reporter-output>
          </reporter-output>
        </test-method> <!-- start -->
        <test-method status="SKIP" signature="bankAccount()[pri:0, instance:com.test.TestCase.MoneyMgmt.TC_BankAccount@327471b5]" name="bankAccount" duration-ms="0" started-at="2021-07-08T16:14:56Z" finished-at="2021-07-08T16:14:56Z">
          <reporter-output>
          </reporter-output>
        </test-method> <!-- bankAccount -->
        <test-method status="SKIP" signature="end()[pri:0, instance:com.test.TestCase.MoneyMgmt.TC_BankAccount@327471b5]" name="end" is-config="true" duration-ms="0" started-at="2021-07-08T16:14:56Z" finished-at="2021-07-08T16:14:56Z">
          <reporter-output>
          </reporter-output>
        </test-method> <!-- end -->
      </class> <!-- com.test.TestCase.MoneyMgmt.TC_BankAccount -->
      <class name="com.test.TestCase.MoneyMgmt.TC_Fund">
        <test-method status="FAIL" signature="start()[pri:0, instance:com.test.TestCase.MoneyMgmt.TC_Fund@3567135c]" name="start" is-config="true" duration-ms="0" started-at="2021-07-08T16:14:56Z" finished-at="2021-07-08T16:14:56Z">
          <exception class="java.lang.NoClassDefFoundError">
            <message>
              <![CDATA[org/openqa/selenium/WebDriver]]>
            </message>
            <full-stacktrace>
              <![CDATA[java.lang.NoClassDefFoundError: org/openqa/selenium/WebDriver
	at com.test.TestCase.LoginLogout.BaseTestCase.init(BaseTestCase.java:14)
	at com.test.TestCase.MoneyMgmt.TC_Fund.start(TC_Fund.java:19)
	at sun.reflect.NativeMethodAccessorImpl.invoke0(Native Method)
	at sun.reflect.NativeMethodAccessorImpl.invoke(Unknown Source)
	at sun.reflect.DelegatingMethodAccessorImpl.invoke(Unknown Source)
	at java.lang.reflect.Method.invoke(Unknown Source)
	at org.testng.internal.MethodInvocationHelper.invokeMethod(MethodInvocationHelper.java:85)
	at org.testng.internal.Invoker.invokeConfigurationMethod(Invoker.java:510)
	at org.testng.internal.Invoker.invokeConfigurations(Invoker.java:211)
	at org.testng.internal.Invoker.invokeConfigurations(Invoker.java:138)
	at org.testng.internal.TestMethodWorker.invokeBeforeClassMethods(TestMethodWorker.java:170)
	at org.testng.internal.TestMethodWorker.run(TestMethodWorker.java:104)
	at org.testng.TestRunner.privateRun(TestRunner.java:774)
	at org.testng.TestRunner.run(TestRunner.java:624)
	at org.testng.SuiteRunner.runTest(SuiteRunner.java:359)
	at org.testng.SuiteRunner.runSequentially(SuiteRunner.java:354)
	at org.testng.SuiteRunner.privateRun(SuiteRunner.java:312)
	at org.testng.SuiteRunner.run(SuiteRunner.java:261)
	at org.testng.SuiteRunnerWorker.runSuite(SuiteRunnerWorker.java:52)
	at org.testng.SuiteRunnerWorker.run(SuiteRunnerWorker.java:86)
	at org.testng.TestNG.runSuitesSequentially(TestNG.java:1191)
	at org.testng.TestNG.runSuitesLocally(TestNG.java:1116)
	at org.testng.TestNG.run(TestNG.java:1024)
	at org.testng.remote.RemoteTestNG.run(RemoteTestNG.java:112)
	at org.testng.remote.RemoteTestNG.initAndRun(RemoteTestNG.java:205)
	at org.testng.remote.RemoteTestNG.main(RemoteTestNG.java:176)
Caused by: java.lang.ClassNotFoundException: org.openqa.selenium.WebDriver
	at java.net.URLClassLoader.findClass(Unknown Source)
	at java.lang.ClassLoader.loadClass(Unknown Source)
	at sun.misc.Launcher$AppClassLoader.loadClass(Unknown Source)
	at java.lang.ClassLoader.loadClass(Unknown Source)
	... 26 more
]]>
            </full-stacktrace>
          </exception> <!-- java.lang.NoClassDefFoundError -->
          <reporter-output>
          </reporter-output>
        </test-method> <!-- start -->
        <test-method status="SKIP" signature="fund()[pri:0, instance:com.test.TestCase.MoneyMgmt.TC_Fund@3567135c]" name="fund" duration-ms="1" started-at="2021-07-08T16:14:56Z" finished-at="2021-07-08T16:14:56Z">
          <reporter-output>
          </reporter-output>
        </test-method> <!-- fund -->
        <test-method status="SKIP" signature="end()[pri:0, instance:com.test.TestCase.MoneyMgmt.TC_Fund@3567135c]" name="end" is-config="true" duration-ms="0" started-at="2021-07-08T16:14:56Z" finished-at="2021-07-08T16:14:56Z">
          <reporter-output>
          </reporter-output>
        </test-method> <!-- end -->
      </class> <!-- com.test.TestCase.MoneyMgmt.TC_Fund -->
    </test> <!-- MoneyMgmt -->
    <test name="BonusMgmt" duration-ms="2" started-at="2021-07-08T08:14:56Z" finished-at="2021-07-08T08:14:56Z">
      <class name="com.test.TestCase.BonusMgmt.TC_ProjectPanorama">
        <test-method status="FAIL" signature="start()[pri:0, instance:com.test.TestCase.BonusMgmt.TC_ProjectPanorama@3a03464]" name="start" is-config="true" duration-ms="0" started-at="2021-07-08T16:14:56Z" finished-at="2021-07-08T16:14:56Z">
          <exception class="java.lang.NoClassDefFoundError">
            <message>
              <![CDATA[org/openqa/selenium/WebDriver]]>
            </message>
            <full-stacktrace>
              <![CDATA[java.lang.NoClassDefFoundError: org/openqa/selenium/WebDriver
	at com.test.TestCase.LoginLogout.BaseTestCase.init(BaseTestCase.java:14)
	at com.test.TestCase.BonusMgmt.TC_ProjectPanorama.start(TC_ProjectPanorama.java:20)
	at sun.reflect.NativeMethodAccessorImpl.invoke0(Native Method)
	at sun.reflect.NativeMethodAccessorImpl.invoke(Unknown Source)
	at sun.reflect.DelegatingMethodAccessorImpl.invoke(Unknown Source)
	at java.lang.reflect.Method.invoke(Unknown Source)
	at org.testng.internal.MethodInvocationHelper.invokeMethod(MethodInvocationHelper.java:85)
	at org.testng.internal.Invoker.invokeConfigurationMethod(Invoker.java:510)
	at org.testng.internal.Invoker.invokeConfigurations(Invoker.java:211)
	at org.testng.internal.Invoker.invokeConfigurations(Invoker.java:138)
	at org.testng.internal.TestMethodWorker.invokeBeforeClassMethods(TestMethodWorker.java:170)
	at org.testng.internal.TestMethodWorker.run(TestMethodWorker.java:104)
	at org.testng.TestRunner.privateRun(TestRunner.java:774)
	at org.testng.TestRunner.run(TestRunner.java:624)
	at org.testng.SuiteRunner.runTest(SuiteRunner.java:359)
	at org.testng.SuiteRunner.runSequentially(SuiteRunner.java:354)
	at org.testng.SuiteRunner.privateRun(SuiteRunner.java:312)
	at org.testng.SuiteRunner.run(SuiteRunner.java:261)
	at org.testng.SuiteRunnerWorker.runSuite(SuiteRunnerWorker.java:52)
	at org.testng.SuiteRunnerWorker.run(SuiteRunnerWorker.java:86)
	at org.testng.TestNG.runSuitesSequentially(TestNG.java:1191)
	at org.testng.TestNG.runSuitesLocally(TestNG.java:1116)
	at org.testng.TestNG.run(TestNG.java:1024)
	at org.testng.remote.RemoteTestNG.run(RemoteTestNG.java:112)
	at org.testng.remote.RemoteTestNG.initAndRun(RemoteTestNG.java:205)
	at org.testng.remote.RemoteTestNG.main(RemoteTestNG.java:176)
Caused by: java.lang.ClassNotFoundException: org.openqa.selenium.WebDriver
	at java.net.URLClassLoader.findClass(Unknown Source)
	at java.lang.ClassLoader.loadClass(Unknown Source)
	at sun.misc.Launcher$AppClassLoader.loadClass(Unknown Source)
	at java.lang.ClassLoader.loadClass(Unknown Source)
	... 26 more
]]>
            </full-stacktrace>
          </exception> <!-- java.lang.NoClassDefFoundError -->
          <reporter-output>
          </reporter-output>
        </test-method> <!-- start -->
        <test-method status="SKIP" signature="end()[pri:0, instance:com.test.TestCase.BonusMgmt.TC_ProjectPanorama@3a03464]" name="end" is-config="true" duration-ms="0" started-at="2021-07-08T16:14:56Z" finished-at="2021-07-08T16:14:56Z">
          <reporter-output>
          </reporter-output>
        </test-method> <!-- end -->
        <test-method status="SKIP" signature="ProjectPanorama()[pri:0, instance:com.test.TestCase.BonusMgmt.TC_ProjectPanorama@3a03464]" name="ProjectPanorama" duration-ms="0" started-at="2021-07-08T16:14:56Z" finished-at="2021-07-08T16:14:56Z">
          <reporter-output>
          </reporter-output>
        </test-method> <!-- ProjectPanorama -->
      </class> <!-- com.test.TestCase.BonusMgmt.TC_ProjectPanorama -->
    </test> <!-- BonusMgmt -->
    <test name="LoginLogout" duration-ms="2" started-at="2021-07-08T08:14:56Z" finished-at="2021-07-08T08:14:56Z">
      <class name="com.test.TestCase.LoginLogout.TC_CloseBrowser">
        <test-method status="SKIP" signature="end()[pri:0, instance:com.test.TestCase.LoginLogout.TC_CloseBrowser@35fb3008]" name="end" duration-ms="1" started-at="2021-07-08T16:14:56Z" finished-at="2021-07-08T16:14:56Z">
          <reporter-output>
          </reporter-output>
        </test-method> <!-- end -->
        <test-method status="FAIL" signature="start()[pri:0, instance:com.test.TestCase.LoginLogout.TC_CloseBrowser@35fb3008]" name="start" is-config="true" duration-ms="0" started-at="2021-07-08T16:14:56Z" finished-at="2021-07-08T16:14:56Z">
          <exception class="java.lang.NoClassDefFoundError">
            <message>
              <![CDATA[org/openqa/selenium/WebDriver]]>
            </message>
            <full-stacktrace>
              <![CDATA[java.lang.NoClassDefFoundError: org/openqa/selenium/WebDriver
	at com.test.TestCase.LoginLogout.BaseTestCase.init(BaseTestCase.java:14)
	at com.test.TestCase.LoginLogout.TC_CloseBrowser.start(TC_CloseBrowser.java:12)
	at sun.reflect.NativeMethodAccessorImpl.invoke0(Native Method)
	at sun.reflect.NativeMethodAccessorImpl.invoke(Unknown Source)
	at sun.reflect.DelegatingMethodAccessorImpl.invoke(Unknown Source)
	at java.lang.reflect.Method.invoke(Unknown Source)
	at org.testng.internal.MethodInvocationHelper.invokeMethod(MethodInvocationHelper.java:85)
	at org.testng.internal.Invoker.invokeConfigurationMethod(Invoker.java:510)
	at org.testng.internal.Invoker.invokeConfigurations(Invoker.java:211)
	at org.testng.internal.Invoker.invokeConfigurations(Invoker.java:138)
	at org.testng.internal.TestMethodWorker.invokeBeforeClassMethods(TestMethodWorker.java:170)
	at org.testng.internal.TestMethodWorker.run(TestMethodWorker.java:104)
	at org.testng.TestRunner.privateRun(TestRunner.java:774)
	at org.testng.TestRunner.run(TestRunner.java:624)
	at org.testng.SuiteRunner.runTest(SuiteRunner.java:359)
	at org.testng.SuiteRunner.runSequentially(SuiteRunner.java:354)
	at org.testng.SuiteRunner.privateRun(SuiteRunner.java:312)
	at org.testng.SuiteRunner.run(SuiteRunner.java:261)
	at org.testng.SuiteRunnerWorker.runSuite(SuiteRunnerWorker.java:52)
	at org.testng.SuiteRunnerWorker.run(SuiteRunnerWorker.java:86)
	at org.testng.TestNG.runSuitesSequentially(TestNG.java:1191)
	at org.testng.TestNG.runSuitesLocally(TestNG.java:1116)
	at org.testng.TestNG.run(TestNG.java:1024)
	at org.testng.remote.RemoteTestNG.run(RemoteTestNG.java:112)
	at org.testng.remote.RemoteTestNG.initAndRun(RemoteTestNG.java:205)
	at org.testng.remote.RemoteTestNG.main(RemoteTestNG.java:176)
Caused by: java.lang.ClassNotFoundException: org.openqa.selenium.WebDriver
	at java.net.URLClassLoader.findClass(Unknown Source)
	at java.lang.ClassLoader.loadClass(Unknown Source)
	at sun.misc.Launcher$AppClassLoader.loadClass(Unknown Source)
	at java.lang.ClassLoader.loadClass(Unknown Source)
	... 26 more
]]>
            </full-stacktrace>
          </exception> <!-- java.lang.NoClassDefFoundError -->
          <reporter-output>
          </reporter-output>
        </test-method> <!-- start -->
      </class> <!-- com.test.TestCase.LoginLogout.TC_CloseBrowser -->
    </test> <!-- LoginLogout -->
  </suite> <!-- Suite -->
</testng-results>
